Analyzing Backend Code...
-- Lines of Code (Go):
github.com/AlDanial/cloc v 1.98  T=0.33 s (1016.2 files/s, 42429.8 lines/s)
-------------------------------------------------------------------------------
Language                     files          blank        comment           code
-------------------------------------------------------------------------------
Go                             286           1715           1189           9286
Python                          15             86             21            483
SQL                              1             44             37            391
YAML                            10             24              7            180
Markdown                         2             54              0            135
make                             9             26             13             99
Text                             3              3              0             37
Dockerfile                       4             16             14             28
C++                              1              1              1              5
Bourne Shell                     1              6              1              1
C                                1              0              1              0
-------------------------------------------------------------------------------
SUM:                           333           1975           1284          10645
-------------------------------------------------------------------------------

-- Cyclomatic Complexity:
Complexity 1: 321 functions
Complexity 2: 37 functions
Complexity 3: 12 functions
Complexity 4: 10 functions
Complexity 5: 13 functions
Complexity 6: 11 functions
Complexity 7: 7 functions
Complexity 8: 15 functions
Complexity 9: 2 functions
Complexity 10: 1 functions
Complexity 11: 2 functions
Complexity 13: 1 functions
Complexity 15: 1 functions
Complexity 17: 1 functions
Complexity 18: 2 functions

-- Number of Go Files:
293

-- Go Dependencies:
71

Analyzing Frontend Code...
github.com/AlDanial/cloc v 1.98  T=0.20 s (496.7 files/s, 113639.7 lines/s)
-------------------------------------------------------------------------------
Language                     files          blank        comment           code
-------------------------------------------------------------------------------
TypeScript                      86           1020            366          10558
YAML                             1           1807              0           6919
Markdown                         4            240              0            921
CSS                              3            114             32            726
JSON                             2              0              0            122
Dockerfile                       1              8              8             11
JavaScript                       2              2              7             11
INI                              1              1              0              8
-------------------------------------------------------------------------------
SUM:                           100           3192            413          19276
-------------------------------------------------------------------------------
86016
================================================
  NLOC    CCN   token  PARAM  length  location  
------------------------------------------------
       2      1      7      0       2 response.messages.filter@72-73@./Frontend/nextjs-dashboard/app/api/chat/route.ts
       3      1      7      0       3 Date.toISOString@93-95@./Frontend/nextjs-dashboard/app/api/chat/route.ts
       5      2     21      0       7 Date@93-99@./Frontend/nextjs-dashboard/app/api/chat/route.ts
       3      1      5      0       3 (anonymous)@107-109@./Frontend/nextjs-dashboard/app/api/chat/route.ts
       6      1     22      2       8 result.mergeIntoDataStream@103-110@./Frontend/nextjs-dashboard/app/api/chat/route.ts
       3      1     17      0       3 (anonymous)@15-17@./Frontend/nextjs-dashboard/app/ui/lecture/ai/scroll-to-bottom.ts
       1      1      6      0       1 (anonymous)@26-26@./Frontend/nextjs-dashboard/app/ui/lecture/ai/scroll-to-bottom.ts
      14      3     67      0      19 useEffect@10-28@./Frontend/nextjs-dashboard/app/ui/lecture/ai/scroll-to-bottom.ts
       4      2     29      2      10 isTeacher@13-22@./Frontend/nextjs-dashboard/app/lib/permissions.ts
       4      1     17      1      12 isAssistant@22-33@./Frontend/nextjs-dashboard/app/lib/permissions.ts
       8      3     41      3      15 canManageCourse@33-47@./Frontend/nextjs-dashboard/app/lib/permissions.ts
       4      1     26      2      12 canDeleteCourse@47-58@./Frontend/nextjs-dashboard/app/lib/permissions.ts
       8      2     36      3      16 canEditExercise@58-73@./Frontend/nextjs-dashboard/app/lib/permissions.ts
       8      2     36      3      16 canAddTestCase@73-88@./Frontend/nextjs-dashboard/app/lib/permissions.ts
       8      2     36      3      16 canManageStudents@88-103@./Frontend/nextjs-dashboard/app/lib/permissions.ts
       8      2     36      3       8 canViewAllSubmissions@103-110@./Frontend/nextjs-dashboard/app/lib/permissions.ts
       3      2     13      3       3 PermissionManager.canViewAllSubmissions@128-130@./Frontend/nextjs-dashboard/app/lib/permissions.ts
      12      2     61      0      16 fetcher@10-25@./Frontend/nextjs-dashboard/app/lib/utils.ts
       3      1     19      1       3 cn@27-29@./Frontend/nextjs-dashboard/app/lib/utils.ts
       5      2     42      0       5 (anonymous)@32-36@./Frontend/nextjs-dashboard/app/lib/utils.ts
       4      1     20      0       9 generateUUID@31-39@./Frontend/nextjs-dashboard/app/lib/utils.ts
       9      2     46      2      11 getTrailingMessageId@42-52@./Frontend/nextjs-dashboard/app/lib/utils.ts
       4      1     24      1       4 saveChatModelAsCookie@10-13@./Frontend/nextjs-dashboard/app/lib/data.ts
      18      4     65      2      18 authenticate@18-35@./Frontend/nextjs-dashboard/app/lib/data.ts
       3      1     14      0       3 userLogOut@37-39@./Frontend/nextjs-dashboard/app/lib/data.ts
       3      2     25      0       3 getAuthHeader@6-8@./Frontend/nextjs-dashboard/app/lib/client-api.ts
      12      2     54      0      13 async@12-24@./Frontend/nextjs-dashboard/app/lib/client-api.ts
      23      3    133      0      23 async@25-47@./Frontend/nextjs-dashboard/app/lib/client-api.ts
      12      2     63      0      12 async@48-59@./Frontend/nextjs-dashboard/app/lib/client-api.ts
      15      2     64      0      16 async@63-78@./Frontend/nextjs-dashboard/app/lib/client-api.ts
      10      1     69      0      12 async@82-93@./Frontend/nextjs-dashboard/app/lib/client-api.ts
       7      1     37      0       8 async@94-101@./Frontend/nextjs-dashboard/app/lib/client-api.ts
       7      1     43      0       9 (anonymous)@104-112@./Frontend/nextjs-dashboard/app/lib/client-api.ts
       7      1     37      0       8 (anonymous)@113-120@./Frontend/nextjs-dashboard/app/lib/client-api.ts
      26      5    144      0      31 async@126-156@./Frontend/nextjs-dashboard/app/lib/client-api.ts
      13      2     69      0      13 fetchCourses@162-174@./Frontend/nextjs-dashboard/app/lib/client-api.ts
      29      7    203      1      41 fetchCourseWithLectures@177-217@./Frontend/nextjs-dashboard/app/lib/client-api.ts
       3      1      5      0       3 {.toISOString@252-254@./Frontend/nextjs-dashboard/app/lib/client-api.ts
       2      1     10      0       2 (anonymous)@261-262@./Frontend/nextjs-dashboard/app/lib/client-api.ts
      12      1     62      0      12 (anonymous)@277-288@./Frontend/nextjs-dashboard/app/lib/client-api.ts
       2      1     10      0       2 (anonymous)@291-292@./Frontend/nextjs-dashboard/app/lib/client-api.ts
       2      1     13      0       2 (anonymous)@307-308@./Frontend/nextjs-dashboard/app/lib/client-api.ts
       2      1     13      0       2 (anonymous)@321-322@./Frontend/nextjs-dashboard/app/lib/client-api.ts
       2      1     13      0       2 (anonymous)@336-337@./Frontend/nextjs-dashboard/app/lib/client-api.ts
       2      1     13      0       2 (anonymous)@349-350@./Frontend/nextjs-dashboard/app/lib/client-api.ts
       2      1     10      0       2 async@372-373@./Frontend/nextjs-dashboard/app/lib/client-api.ts
      11      1     59      0      11 (anonymous)@391-401@./Frontend/nextjs-dashboard/app/lib/client-api.ts
       9      1     52      0       9 (anonymous)@404-412@./Frontend/nextjs-dashboard/app/lib/client-api.ts
      16      1     84      0      16 (anonymous)@418-433@./Frontend/nextjs-dashboard/app/lib/client-api.ts
       8      2     64      0       8 async@437-444@./Frontend/nextjs-dashboard/app/lib/client-api.ts
       8      1     42      0       8 (anonymous)@456-463@./Frontend/nextjs-dashboard/app/lib/client-api.ts
      13      1     62      0      13 (anonymous)@465-477@./Frontend/nextjs-dashboard/app/lib/client-api.ts
       4      1     24      0       4 (anonymous)@484-487@./Frontend/nextjs-dashboard/app/lib/client-api.ts
       5      3     26      0       5 (anonymous)@511-515@./Frontend/nextjs-dashboard/app/lib/client-api.ts
      20      2    145      0      26 async@492-517@./Frontend/nextjs-dashboard/app/lib/client-api.ts
      40      6    315      0      48 async@525-572@./Frontend/nextjs-dashboard/app/lib/client-api.ts
      13      1     69      0      13 async@574-586@./Frontend/nextjs-dashboard/app/lib/client-api.ts
      10      1     60      0      10 async@588-597@./Frontend/nextjs-dashboard/app/lib/client-api.ts
      13      1     67      0      13 async@599-611@./Frontend/nextjs-dashboard/app/lib/client-api.ts
      18      2     94      0      24 async@615-638@./Frontend/nextjs-dashboard/app/lib/client-api.ts
       7      1     39      0       7 async@640-646@./Frontend/nextjs-dashboard/app/lib/client-api.ts
       6      1     43      0       6 fetchCourses@6-11@./Frontend/nextjs-dashboard/app/lib/server-api.ts
      18      3    117      0      19 async@18-36@./Frontend/nextjs-dashboard/app/lib/server-api.ts
      16      1     68      0      18 (anonymous)@46-63@./Frontend/nextjs-dashboard/app/lib/server-api.ts
      14      1     57      0      15 (anonymous)@71-85@./Frontend/nextjs-dashboard/app/lib/server-api.ts
       5      2     22      0       5 systemPrompt@32-36@./Frontend/nextjs-dashboard/app/lib/prompts.ts
       1      1      1      0       1 updateDocumentPrompt@72-72@./Frontend/nextjs-dashboard/app/lib/prompts.ts
       1      1      2      0       1 setToken@8-8@./Frontend/nextjs-dashboard/store/useStore.ts
       1      1      2      0       1 setUserInfo@10-10@./Frontend/nextjs-dashboard/store/useStore.ts
       1      1      2      0       1 setLoggedIn@12-12@./Frontend/nextjs-dashboard/store/useStore.ts
       1      1      2      0       1 setCourses@14-14@./Frontend/nextjs-dashboard/store/useStore.ts
       1      1      2      0       1 setLectures@16-16@./Frontend/nextjs-dashboard/store/useStore.ts
       1      1      2      0       1 setSelectedCourseId@18-18@./Frontend/nextjs-dashboard/store/useStore.ts
       1      1      2      0       1 setSelectedLectureId@20-20@./Frontend/nextjs-dashboard/store/useStore.ts
       1      1      2      0       1 setCourseIdentity@22-22@./Frontend/nextjs-dashboard/store/useStore.ts
       1      1      5      0       1 setToken@39-39@./Frontend/nextjs-dashboard/store/useStore.ts
       2      1     10      0       2 (anonymous)@40-41@./Frontend/nextjs-dashboard/store/useStore.ts
       2      1     10      0       2 (anonymous)@41-42@./Frontend/nextjs-dashboard/store/useStore.ts
       2      1     10      0       2 (anonymous)@42-43@./Frontend/nextjs-dashboard/store/useStore.ts
       2      1     10      0       2 (anonymous)@43-44@./Frontend/nextjs-dashboard/store/useStore.ts
       2      1     10      0       2 (anonymous)@44-45@./Frontend/nextjs-dashboard/store/useStore.ts
       2      1     10      0       2 (anonymous)@45-46@./Frontend/nextjs-dashboard/store/useStore.ts
       2      1     10      0       2 (anonymous)@46-47@./Frontend/nextjs-dashboard/store/useStore.ts
       2      1     51      1       9 setToken@39-47@./Frontend/nextjs-dashboard/store/useStore.ts
       1      1      2      0       1 createJSONStorage@50-50@./Frontend/nextjs-dashboard/store/useStore.ts
       6      2     27      1       7 jwt@76-82@./Frontend/nextjs-dashboard/auth.ts
      12      3     79      0      12 ...@86-97@./Frontend/nextjs-dashboard/auth.ts
       4      1     15      0       4 webpack@4-7@./Frontend/nextjs-dashboard/next.config.ts
       8      1     19      0       8 rewrites@10-17@./Frontend/nextjs-dashboard/next.config.ts
      11      4     74      2      11 authorized@8-18@./Frontend/nextjs-dashboard/auth.config.ts
21 file analyzed.
==============================================================
NLOC    Avg.NLOC  AvgCCN  Avg.token  function_cnt    file
--------------------------------------------------------------
     83       3.8     1.2       12.4         5     ./Frontend/nextjs-dashboard/app/api/chat/route.ts
     25       6.0     1.7       30.0         3     ./Frontend/nextjs-dashboard/app/ui/lecture/ai/scroll-to-bottom.ts
    174       0.0     0.0        0.0         0     ./Frontend/nextjs-dashboard/app/ui/theme.ts
     63       6.1     1.9       30.0         9     ./Frontend/nextjs-dashboard/app/lib/permissions.ts
    105       0.0     0.0        0.0         0     ./Frontend/nextjs-dashboard/app/lib/definitions.ts
     40       6.6     1.6       37.6         5     ./Frontend/nextjs-dashboard/app/lib/utils.ts
     29       8.3     2.0       34.3         3     ./Frontend/nextjs-dashboard/app/lib/data.ts
    558      10.8     1.8       63.7        36     ./Frontend/nextjs-dashboard/app/lib/client-api.ts
     85      13.5     1.5       71.2         4     ./Frontend/nextjs-dashboard/app/lib/server-api.ts
     77       3.0     1.5       11.5         2     ./Frontend/nextjs-dashboard/app/lib/prompts.ts
    214       0.0     0.0        0.0         0     ./Frontend/nextjs-dashboard/app/lib/mocked-data.ts
      5       0.0     0.0        0.0         0     ./Frontend/nextjs-dashboard/db/server.mjs
     47       1.4     1.0        8.0        18     ./Frontend/nextjs-dashboard/store/useStore.ts
      6       0.0     0.0        0.0         0     ./Frontend/nextjs-dashboard/postcss.config.js
     74       9.0     2.5       53.0         2     ./Frontend/nextjs-dashboard/auth.ts
      1       0.0     0.0        0.0         0     ./Frontend/nextjs-dashboard/empty-module.ts
     16       6.0     1.0       17.0         2     ./Frontend/nextjs-dashboard/next.config.ts
      6       0.0     0.0        0.0         0     ./Frontend/nextjs-dashboard/middleware.ts
      5       0.0     0.0        0.0         0     ./Frontend/nextjs-dashboard/api.ts
     20      11.0     4.0       74.0         1     ./Frontend/nextjs-dashboard/auth.config.ts
     31       0.0     0.0        0.0         0     ./Frontend/nextjs-dashboard/tailwind.config.ts

===============================================================================================================
No thresholds exceeded (cyclomatic_complexity > 15 or length > 1000 or nloc > 1000000 or parameter_count > 100)
==========================================================================================
Total nloc   Avg.NLOC  AvgCCN  Avg.token   Fun Cnt  Warning cnt   Fun Rt   nloc Rt
------------------------------------------------------------------------------------------
      1664       7.4     1.6       40.8       90            0      0.00    0.00
75
