nohup: ignoring input
2025-05-28T12:28:43.313+08:00 [DEBU] 日志系统初始化完成
2025-05-28T12:28:43.332+08:00 [INFO] pid[11351]: http server started listening on [:8000]
2025-05-28T12:28:43.332+08:00 [INFO] swagger ui is serving at address: http://127.0.0.1:8000/swagger/
2025-05-28T12:28:43.332+08:00 [INFO] openapi specification is serving at address: http://127.0.0.1:8000/api.json

  ADDRESS | METHOD |                      ROUTE                       |                                                  HANDLER                                                   |           MIDDLEWARE             
----------|--------|--------------------------------------------------|------------------------------------------------------------------------------------------------------------|----------------------------------
  :8000   | ALL    | /*                                               | intelligent-course-aware-ide/internal/cmd.init.func1.1                                                     | GLOBAL MIDDLEWARE                
----------|--------|--------------------------------------------------|------------------------------------------------------------------------------------------------------------|----------------------------------
  :8000   | ALL    | /api.json                                        | github.com/gogf/gf/v2/net/ghttp.(*Server).openapiSpec                                                      |                                  
----------|--------|--------------------------------------------------|------------------------------------------------------------------------------------------------------------|----------------------------------
  :8000   | GET    | /api/Files/lectureFile/file/{FileId}             | intelligent-course-aware-ide/internal/controller/Files.(*ControllerV1).GetLectureFile                      | ghttp.MiddlewareHandlerResponse  
          |        |                                                  |                                                                                                            | middleware.LoggerMiddleware      
          |        |                                                  |                                                                                                            | middleware.Auth                  
----------|--------|--------------------------------------------------|------------------------------------------------------------------------------------------------------------|----------------------------------
  :8000   | GET    | /api/Files/lectureFile/lecture/{LectureId}       | intelligent-course-aware-ide/internal/controller/Files.(*ControllerV1).GetFileWithLectureId                | ghttp.MiddlewareHandlerResponse  
          |        |                                                  |                                                                                                            | middleware.LoggerMiddleware      
          |        |                                                  |                                                                                                            | middleware.Auth                  
----------|--------|--------------------------------------------------|------------------------------------------------------------------------------------------------------------|----------------------------------
  :8000   | POST   | /api/Files/lectureFile/upload                    | intelligent-course-aware-ide/internal/controller/Files.(*ControllerV1).UploadLectureFile                   | ghttp.MiddlewareHandlerResponse  
          |        |                                                  |                                                                                                            | middleware.LoggerMiddleware      
          |        |                                                  |                                                                                                            | middleware.Auth                  
----------|--------|--------------------------------------------------|------------------------------------------------------------------------------------------------------------|----------------------------------
  :8000   | DELETE | /api/Files/lectureFile/{FileId}                  | intelligent-course-aware-ide/internal/controller/Files.(*ControllerV1).DeleteLectureFile                   | ghttp.MiddlewareHandlerResponse  
          |        |                                                  |                                                                                                            | middleware.LoggerMiddleware      
          |        |                                                  |                                                                                                            | middleware.Auth                  
----------|--------|--------------------------------------------------|------------------------------------------------------------------------------------------------------------|----------------------------------
  :8000   | PUT    | /api/Files/lectureFile/{FileId}                  | intelligent-course-aware-ide/internal/controller/Files.(*ControllerV1).UpdateLectureFile                   | ghttp.MiddlewareHandlerResponse  
          |        |                                                  |                                                                                                            | middleware.LoggerMiddleware      
          |        |                                                  |                                                                                                            | middleware.Auth                  
----------|--------|--------------------------------------------------|------------------------------------------------------------------------------------------------------------|----------------------------------
  :8000   | GET    | /api/Files/lectureNote/lecture/{LectureId}       | intelligent-course-aware-ide/internal/controller/Files.(*ControllerV1).GetNoteWithLectureId                | ghttp.MiddlewareHandlerResponse  
          |        |                                                  |                                                                                                            | middleware.LoggerMiddleware      
          |        |                                                  |                                                                                                            | middleware.Auth                  
----------|--------|--------------------------------------------------|------------------------------------------------------------------------------------------------------------|----------------------------------
  :8000   | POST   | /api/Files/lectureNote/upload                    | intelligent-course-aware-ide/internal/controller/Files.(*ControllerV1).UploadLectureNote                   | ghttp.MiddlewareHandlerResponse  
          |        |                                                  |                                                                                                            | middleware.LoggerMiddleware      
          |        |                                                  |                                                                                                            | middleware.Auth                  
----------|--------|--------------------------------------------------|------------------------------------------------------------------------------------------------------------|----------------------------------
  :8000   | DELETE | /api/Files/lectureNote/{FileId}                  | intelligent-course-aware-ide/internal/controller/Files.(*ControllerV1).DeleteLectureNote                   | ghttp.MiddlewareHandlerResponse  
          |        |                                                  |                                                                                                            | middleware.LoggerMiddleware      
          |        |                                                  |                                                                                                            | middleware.Auth                  
----------|--------|--------------------------------------------------|------------------------------------------------------------------------------------------------------------|----------------------------------
  :8000   | POST   | /api/assignment/attemptAssignment                | intelligent-course-aware-ide/internal/controller/assignment.(*ControllerV1).AttemptForAssignment           | ghttp.MiddlewareHandlerResponse  
          |        |                                                  |                                                                                                            | middleware.LoggerMiddleware      
          |        |                                                  |                                                                                                            | middleware.Auth                  
----------|--------|--------------------------------------------------|------------------------------------------------------------------------------------------------------------|----------------------------------
  :8000   | POST   | /api/assignment/createAssignment                 | intelligent-course-aware-ide/internal/controller/assignment.(*ControllerV1).CreateAssignment               | ghttp.MiddlewareHandlerResponse  
          |        |                                                  |                                                                                                            | middleware.LoggerMiddleware      
          |        |                                                  |                                                                                                            | middleware.Auth                  
----------|--------|--------------------------------------------------|------------------------------------------------------------------------------------------------------------|----------------------------------
  :8000   | DELETE | /api/assignment/deleteAssignment                 | intelligent-course-aware-ide/internal/controller/assignment.(*ControllerV1).DeleteAssignment               | ghttp.MiddlewareHandlerResponse  
          |        |                                                  |                                                                                                            | middleware.LoggerMiddleware      
          |        |                                                  |                                                                                                            | middleware.Auth                  
----------|--------|--------------------------------------------------|------------------------------------------------------------------------------------------------------------|----------------------------------
  :8000   | DELETE | /api/assignment/deleteTestcaseAndAnswer          | intelligent-course-aware-ide/internal/controller/assignment.(*ControllerV1).DeleteTestcaseAndAnswer        | ghttp.MiddlewareHandlerResponse  
          |        |                                                  |                                                                                                            | middleware.LoggerMiddleware      
          |        |                                                  |                                                                                                            | middleware.Auth                  
----------|--------|--------------------------------------------------|------------------------------------------------------------------------------------------------------------|----------------------------------
  :8000   | GET    | /api/assignment/getAllAssignmentOfACourse        | intelligent-course-aware-ide/internal/controller/assignment.(*ControllerV1).GetAllAssignmentInfoOfACourse  | ghttp.MiddlewareHandlerResponse  
          |        |                                                  |                                                                                                            | middleware.LoggerMiddleware      
          |        |                                                  |                                                                                                            | middleware.Auth                  
----------|--------|--------------------------------------------------|------------------------------------------------------------------------------------------------------------|----------------------------------
  :8000   | GET    | /api/assignment/getAllAssignmentOfALecture       | intelligent-course-aware-ide/internal/controller/assignment.(*ControllerV1).GetAllAssignmentInfoOfALecture | ghttp.MiddlewareHandlerResponse  
          |        |                                                  |                                                                                                            | middleware.LoggerMiddleware      
          |        |                                                  |                                                                                                            | middleware.Auth                  
----------|--------|--------------------------------------------------|------------------------------------------------------------------------------------------------------------|----------------------------------
  :8000   | GET    | /api/assignment/getAssignmentFeedbackOfAUser     | intelligent-course-aware-ide/internal/controller/assignment.(*ControllerV1).GetAssignmentFeedbackOfAUser   | ghttp.MiddlewareHandlerResponse  
          |        |                                                  |                                                                                                            | middleware.LoggerMiddleware      
          |        |                                                  |                                                                                                            | middleware.Auth                  
----------|--------|--------------------------------------------------|------------------------------------------------------------------------------------------------------------|----------------------------------
  :8000   | GET    | /api/assignment/searchAssignment/{assignmentId}  | intelligent-course-aware-ide/internal/controller/assignment.(*ControllerV1).GetAssignment                  | ghttp.MiddlewareHandlerResponse  
          |        |                                                  |                                                                                                            | middleware.LoggerMiddleware      
          |        |                                                  |                                                                                                            | middleware.Auth                  
----------|--------|--------------------------------------------------|------------------------------------------------------------------------------------------------------------|----------------------------------
  :8000   | PUT    | /api/assignment/updateAssignment                 | intelligent-course-aware-ide/internal/controller/assignment.(*ControllerV1).UpdateAssignment               | ghttp.MiddlewareHandlerResponse  
          |        |                                                  |                                                                                                            | middleware.LoggerMiddleware      
          |        |                                                  |                                                                                                            | middleware.Auth                  
----------|--------|--------------------------------------------------|------------------------------------------------------------------------------------------------------------|----------------------------------
  :8000   | POST   | /api/assignment/uploadTestcaseAndAnswer          | intelligent-course-aware-ide/internal/controller/assignment.(*ControllerV1).UploadTestcaseAndAnswer        | ghttp.MiddlewareHandlerResponse  
          |        |                                                  |                                                                                                            | middleware.LoggerMiddleware      
          |        |                                                  |                                                                                                            | middleware.Auth                  
----------|--------|--------------------------------------------------|------------------------------------------------------------------------------------------------------------|----------------------------------
  :8000   | POST   | /api/chat/addUserIntoChat                        | intelligent-course-aware-ide/internal/controller/chat.(*ControllerV1).AddUserIntoChat                      | ghttp.MiddlewareHandlerResponse  
          |        |                                                  |                                                                                                            | middleware.LoggerMiddleware      
          |        |                                                  |                                                                                                            | middleware.Auth                  
----------|--------|--------------------------------------------------|------------------------------------------------------------------------------------------------------------|----------------------------------
  :8000   | POST   | /api/chat/createChat                             | intelligent-course-aware-ide/internal/controller/chat.(*ControllerV1).CreateChat                           | ghttp.MiddlewareHandlerResponse  
          |        |                                                  |                                                                                                            | middleware.LoggerMiddleware      
          |        |                                                  |                                                                                                            | middleware.Auth                  
----------|--------|--------------------------------------------------|------------------------------------------------------------------------------------------------------------|----------------------------------
  :8000   | POST   | /api/chat/createChatMessage                      | intelligent-course-aware-ide/internal/controller/chat.(*ControllerV1).CreateChatMessage                    | ghttp.MiddlewareHandlerResponse  
          |        |                                                  |                                                                                                            | middleware.LoggerMiddleware      
          |        |                                                  |                                                                                                            | middleware.Auth                  
----------|--------|--------------------------------------------------|------------------------------------------------------------------------------------------------------------|----------------------------------
  :8000   | DELETE | /api/chat/deleteChatId                           | intelligent-course-aware-ide/internal/controller/chat.(*ControllerV1).DeleteChat                           | ghttp.MiddlewareHandlerResponse  
          |        |                                                  |                                                                                                            | middleware.LoggerMiddleware      
          |        |                                                  |                                                                                                            | middleware.Auth                  
----------|--------|--------------------------------------------------|------------------------------------------------------------------------------------------------------------|----------------------------------
  :8000   | DELETE | /api/chat/deleteChatMessage                      | intelligent-course-aware-ide/internal/controller/chat.(*ControllerV1).DeleteChatMessage                    | ghttp.MiddlewareHandlerResponse  
          |        |                                                  |                                                                                                            | middleware.LoggerMiddleware      
          |        |                                                  |                                                                                                            | middleware.Auth                  
----------|--------|--------------------------------------------------|------------------------------------------------------------------------------------------------------------|----------------------------------
  :8000   | DELETE | /api/chat/deleteUserFromChat                     | intelligent-course-aware-ide/internal/controller/chat.(*ControllerV1).DeleteUserFromChat                   | ghttp.MiddlewareHandlerResponse  
          |        |                                                  |                                                                                                            | middleware.LoggerMiddleware      
          |        |                                                  |                                                                                                            | middleware.Auth                  
----------|--------|--------------------------------------------------|------------------------------------------------------------------------------------------------------------|----------------------------------
  :8000   | GET    | /api/chat/getChatMessageOfAChat/{chatId}         | intelligent-course-aware-ide/internal/controller/chat.(*ControllerV1).GetAllChatMessageOfAChatInfo         | ghttp.MiddlewareHandlerResponse  
          |        |                                                  |                                                                                                            | middleware.LoggerMiddleware      
          |        |                                                  |                                                                                                            | middleware.Auth                  
----------|--------|--------------------------------------------------|------------------------------------------------------------------------------------------------------------|----------------------------------
  :8000   | GET    | /api/chat/getChatMessageOfAChat/{userId}         | intelligent-course-aware-ide/internal/controller/chat.(*ControllerV1).GetAllChatInfoOfAUser                | ghttp.MiddlewareHandlerResponse  
          |        |                                                  |                                                                                                            | middleware.LoggerMiddleware      
          |        |                                                  |                                                                                                            | middleware.Auth                  
----------|--------|--------------------------------------------------|------------------------------------------------------------------------------------------------------------|----------------------------------
  :8000   | POST   | /api/codeRunner/run                              | intelligent-course-aware-ide/internal/controller/runner.(*ControllerV1).GeneralRunner                      | ghttp.MiddlewareHandlerResponse  
          |        |                                                  |                                                                                                            | middleware.LoggerMiddleware      
          |        |                                                  |                                                                                                            | middleware.Auth                  
----------|--------|--------------------------------------------------|------------------------------------------------------------------------------------------------------------|----------------------------------
  :8000   | POST   | /api/comment/createComment                       | intelligent-course-aware-ide/internal/controller/comment.(*ControllerV1).CreateComment                     | ghttp.MiddlewareHandlerResponse  
          |        |                                                  |                                                                                                            | middleware.LoggerMiddleware      
          |        |                                                  |                                                                                                            | middleware.Auth                  
----------|--------|--------------------------------------------------|------------------------------------------------------------------------------------------------------------|----------------------------------
  :8000   | DELETE | /api/comment/deleteComment                       | intelligent-course-aware-ide/internal/controller/comment.(*ControllerV1).DeleteComment                     | ghttp.MiddlewareHandlerResponse  
          |        |                                                  |                                                                                                            | middleware.LoggerMiddleware      
          |        |                                                  |                                                                                                            | middleware.Auth                  
----------|--------|--------------------------------------------------|------------------------------------------------------------------------------------------------------------|----------------------------------
  :8000   | GET    | /api/comment/getComment/{lectureId}              | intelligent-course-aware-ide/internal/controller/comment.(*ControllerV1).GetComment                        | ghttp.MiddlewareHandlerResponse  
          |        |                                                  |                                                                                                            | middleware.LoggerMiddleware      
          |        |                                                  |                                                                                                            | middleware.Auth                  
----------|--------|--------------------------------------------------|------------------------------------------------------------------------------------------------------------|----------------------------------
  :8000   | GET    | /api/comment/getHotWords/{lectureId}             | intelligent-course-aware-ide/internal/controller/comment.(*ControllerV1).GetHotWords                       | ghttp.MiddlewareHandlerResponse  
          |        |                                                  |                                                                                                            | middleware.LoggerMiddleware      
          |        |                                                  |                                                                                                            | middleware.Auth                  
----------|--------|--------------------------------------------------|------------------------------------------------------------------------------------------------------------|----------------------------------
  :8000   | PUT    | /api/comment/updateComment                       | intelligent-course-aware-ide/internal/controller/comment.(*ControllerV1).UpdateComment                     | ghttp.MiddlewareHandlerResponse  
          |        |                                                  |                                                                                                            | middleware.LoggerMiddleware      
          |        |                                                  |                                                                                                            | middleware.Auth                  
----------|--------|--------------------------------------------------|------------------------------------------------------------------------------------------------------------|----------------------------------
  :8000   | POST   | /api/course/addStudents                          | intelligent-course-aware-ide/internal/controller/course.(*ControllerV1).AddStudentsIntoCourse              | ghttp.MiddlewareHandlerResponse  
          |        |                                                  |                                                                                                            | middleware.LoggerMiddleware      
          |        |                                                  |                                                                                                            | middleware.Auth                  
----------|--------|--------------------------------------------------|------------------------------------------------------------------------------------------------------------|----------------------------------
  :8000   | POST   | /api/course/applyToJoinCourse                    | intelligent-course-aware-ide/internal/controller/course.(*ControllerV1).ApplyToJoinCourse                  | ghttp.MiddlewareHandlerResponse  
          |        |                                                  |                                                                                                            | middleware.LoggerMiddleware      
          |        |                                                  |                                                                                                            | middleware.Auth                  
----------|--------|--------------------------------------------------|------------------------------------------------------------------------------------------------------------|----------------------------------
  :8000   | POST   | /api/course/assignCourseAssistant                | intelligent-course-aware-ide/internal/controller/course.(*ControllerV1).AssignCourseAssistant              | ghttp.MiddlewareHandlerResponse  
          |        |                                                  |                                                                                                            | middleware.LoggerMiddleware      
          |        |                                                  |                                                                                                            | middleware.Auth                  
----------|--------|--------------------------------------------------|------------------------------------------------------------------------------------------------------------|----------------------------------
  :8000   | POST   | /api/course/createCourse                         | intelligent-course-aware-ide/internal/controller/course.(*ControllerV1).CreateCourse                       | ghttp.MiddlewareHandlerResponse  
          |        |                                                  |                                                                                                            | middleware.LoggerMiddleware      
          |        |                                                  |                                                                                                            | middleware.Auth                  
----------|--------|--------------------------------------------------|------------------------------------------------------------------------------------------------------------|----------------------------------
  :8000   | DELETE | /api/course/deleteCourse                         | intelligent-course-aware-ide/internal/controller/course.(*ControllerV1).DeleteCourse                       | ghttp.MiddlewareHandlerResponse  
          |        |                                                  |                                                                                                            | middleware.LoggerMiddleware      
          |        |                                                  |                                                                                                            | middleware.Auth                  
----------|--------|--------------------------------------------------|------------------------------------------------------------------------------------------------------------|----------------------------------
  :8000   | GET    | /api/course/getAllStudentsOfACourse/{courseId}   | intelligent-course-aware-ide/internal/controller/course.(*ControllerV1).GetAllStudentsOfACourse            | ghttp.MiddlewareHandlerResponse  
          |        |                                                  |                                                                                                            | middleware.LoggerMiddleware      
          |        |                                                  |                                                                                                            | middleware.Auth                  
----------|--------|--------------------------------------------------|------------------------------------------------------------------------------------------------------------|----------------------------------
  :8000   | GET    | /api/course/getCourses                           | intelligent-course-aware-ide/internal/controller/course.(*ControllerV1).GetAllCoursesInfo                  | ghttp.MiddlewareHandlerResponse  
          |        |                                                  |                                                                                                            | middleware.LoggerMiddleware      
          |        |                                                  |                                                                                                            | middleware.Auth                  
----------|--------|--------------------------------------------------|------------------------------------------------------------------------------------------------------------|----------------------------------
  :8000   | GET    | /api/course/recommendCourses                     | intelligent-course-aware-ide/internal/controller/course.(*ControllerV1).RecommendCourse                    | ghttp.MiddlewareHandlerResponse  
          |        |                                                  |                                                                                                            | middleware.LoggerMiddleware      
          |        |                                                  |                                                                                                            | middleware.Auth                  
----------|--------|--------------------------------------------------|------------------------------------------------------------------------------------------------------------|----------------------------------
  :8000   | GET    | /api/course/searchCourse/{courseId}              | intelligent-course-aware-ide/internal/controller/course.(*ControllerV1).GetCourse                          | ghttp.MiddlewareHandlerResponse  
          |        |                                                  |                                                                                                            | middleware.LoggerMiddleware      
          |        |                                                  |                                                                                                            | middleware.Auth                  
----------|--------|--------------------------------------------------|------------------------------------------------------------------------------------------------------------|----------------------------------
  :8000   | GET    | /api/course/searchCourseWithLectures/byStudentId | intelligent-course-aware-ide/internal/controller/course.(*ControllerV1).GetCourseWithLecturesByStudentId   | ghttp.MiddlewareHandlerResponse  
          |        |                                                  |                                                                                                            | middleware.LoggerMiddleware      
          |        |                                                  |                                                                                                            | middleware.Auth                  
----------|--------|--------------------------------------------------|------------------------------------------------------------------------------------------------------------|----------------------------------
  :8000   | GET    | /api/course/searchCourseWithLectures/{courseId}  | intelligent-course-aware-ide/internal/controller/course.(*ControllerV1).GetCourseWithLecturesByCourseId    | ghttp.MiddlewareHandlerResponse  
          |        |                                                  |                                                                                                            | middleware.LoggerMiddleware      
          |        |                                                  |                                                                                                            | middleware.Auth                  
----------|--------|--------------------------------------------------|------------------------------------------------------------------------------------------------------------|----------------------------------
  :8000   | GET    | /api/course/searchCourses                        | intelligent-course-aware-ide/internal/controller/course.(*ControllerV1).SearchCourse                       | ghttp.MiddlewareHandlerResponse  
          |        |                                                  |                                                                                                            | middleware.LoggerMiddleware      
          |        |                                                  |                                                                                                            | middleware.Auth                  
----------|--------|--------------------------------------------------|------------------------------------------------------------------------------------------------------------|----------------------------------
  :8000   | DELETE | /api/course/unassignCourseAssistant              | intelligent-course-aware-ide/internal/controller/course.(*ControllerV1).UnassignCourseAssistant            | ghttp.MiddlewareHandlerResponse  
          |        |                                                  |                                                                                                            | middleware.LoggerMiddleware      
          |        |                                                  |                                                                                                            | middleware.Auth                  
----------|--------|--------------------------------------------------|------------------------------------------------------------------------------------------------------------|----------------------------------
  :8000   | PUT    | /api/course/updateCourse                         | intelligent-course-aware-ide/internal/controller/course.(*ControllerV1).UpdateCourse                       | ghttp.MiddlewareHandlerResponse  
          |        |                                                  |                                                                                                            | middleware.LoggerMiddleware      
          |        |                                                  |                                                                                                            | middleware.Auth                  
----------|--------|--------------------------------------------------|------------------------------------------------------------------------------------------------------------|----------------------------------
  :8000   | POST   | /api/lecture/createLecture                       | intelligent-course-aware-ide/internal/controller/lecture.(*ControllerV1).CreateLecture                     | ghttp.MiddlewareHandlerResponse  
          |        |                                                  |                                                                                                            | middleware.LoggerMiddleware      
          |        |                                                  |                                                                                                            | middleware.Auth                  
----------|--------|--------------------------------------------------|------------------------------------------------------------------------------------------------------------|----------------------------------
  :8000   | DELETE | /api/lecture/deleteLecture                       | intelligent-course-aware-ide/internal/controller/lecture.(*ControllerV1).DeleteLecture                     | ghttp.MiddlewareHandlerResponse  
          |        |                                                  |                                                                                                            | middleware.LoggerMiddleware      
          |        |                                                  |                                                                                                            | middleware.Auth                  
----------|--------|--------------------------------------------------|------------------------------------------------------------------------------------------------------------|----------------------------------
  :8000   | GET    | /api/lecture/getLectures/{courseId}              | intelligent-course-aware-ide/internal/controller/lecture.(*ControllerV1).GetAllLectureOfACourseInfo        | ghttp.MiddlewareHandlerResponse  
          |        |                                                  |                                                                                                            | middleware.LoggerMiddleware      
          |        |                                                  |                                                                                                            | middleware.Auth                  
----------|--------|--------------------------------------------------|------------------------------------------------------------------------------------------------------------|----------------------------------
  :8000   | GET    | /api/lecture/searchLecture/{lectureId}           | intelligent-course-aware-ide/internal/controller/lecture.(*ControllerV1).GetLecture                        | ghttp.MiddlewareHandlerResponse  
          |        |                                                  |                                                                                                            | middleware.LoggerMiddleware      
          |        |                                                  |                                                                                                            | middleware.Auth                  
----------|--------|--------------------------------------------------|------------------------------------------------------------------------------------------------------------|----------------------------------
  :8000   | PUT    | /api/lecture/updateLecture                       | intelligent-course-aware-ide/internal/controller/lecture.(*ControllerV1).UpdateLecture                     | ghttp.MiddlewareHandlerResponse  
          |        |                                                  |                                                                                                            | middleware.LoggerMiddleware      
          |        |                                                  |                                                                                                            | middleware.Auth                  
----------|--------|--------------------------------------------------|------------------------------------------------------------------------------------------------------------|----------------------------------
  :8000   | POST   | /api/user/createUser                             | intelligent-course-aware-ide/internal/controller/account.(*ControllerV1).CreateUser                        | ghttp.MiddlewareHandlerResponse  
          |        |                                                  |                                                                                                            | middleware.LoggerMiddleware      
----------|--------|--------------------------------------------------|------------------------------------------------------------------------------------------------------------|----------------------------------
  :8000   | DELETE | /api/user/deleteUser                             | intelligent-course-aware-ide/internal/controller/user.(*ControllerV1).DeleteUser                           | ghttp.MiddlewareHandlerResponse  
          |        |                                                  |                                                                                                            | middleware.LoggerMiddleware      
          |        |                                                  |                                                                                                            | middleware.Auth                  
----------|--------|--------------------------------------------------|------------------------------------------------------------------------------------------------------------|----------------------------------
  :8000   | GET    | /api/user/getUsers                               | intelligent-course-aware-ide/internal/controller/user.(*ControllerV1).GetAllUsersInfo                      | ghttp.MiddlewareHandlerResponse  
          |        |                                                  |                                                                                                            | middleware.LoggerMiddleware      
          |        |                                                  |                                                                                                            | middleware.Auth                  
----------|--------|--------------------------------------------------|------------------------------------------------------------------------------------------------------------|----------------------------------
  :8000   | POST   | /api/user/loginUser                              | intelligent-course-aware-ide/internal/controller/account.(*ControllerV1).LoginUser                         | ghttp.MiddlewareHandlerResponse  
          |        |                                                  |                                                                                                            | middleware.LoggerMiddleware      
----------|--------|--------------------------------------------------|------------------------------------------------------------------------------------------------------------|----------------------------------
  :8000   | POST   | /api/user/logoutUser                             | intelligent-course-aware-ide/internal/controller/user.(*ControllerV1).LogoutUser                           | ghttp.MiddlewareHandlerResponse  
          |        |                                                  |                                                                                                            | middleware.LoggerMiddleware      
          |        |                                                  |                                                                                                            | middleware.Auth                  
----------|--------|--------------------------------------------------|------------------------------------------------------------------------------------------------------------|----------------------------------
  :8000   | GET    | /api/user/searchUser/{userId}                    | intelligent-course-aware-ide/internal/controller/user.(*ControllerV1).GetUser                              | ghttp.MiddlewareHandlerResponse  
          |        |                                                  |                                                                                                            | middleware.LoggerMiddleware      
          |        |                                                  |                                                                                                            | middleware.Auth                  
----------|--------|--------------------------------------------------|------------------------------------------------------------------------------------------------------------|----------------------------------
  :8000   | PUT    | /api/user/updateUser                             | intelligent-course-aware-ide/internal/controller/user.(*ControllerV1).UpdateUser                           | ghttp.MiddlewareHandlerResponse  
          |        |                                                  |                                                                                                            | middleware.LoggerMiddleware      
          |        |                                                  |                                                                                                            | middleware.Auth                  
----------|--------|--------------------------------------------------|------------------------------------------------------------------------------------------------------------|----------------------------------
  :8000   | ALL    | /swagger/*                                       | github.com/gogf/gf/v2/net/ghttp.(*Server).swaggerUI                                                        | HOOK_BEFORE_SERVE                
----------|--------|--------------------------------------------------|------------------------------------------------------------------------------------------------------------|----------------------------------

2025-05-28T12:28:49.111+08:00 [INFO] {8de0ad8a79964318057490596a166e43} Request: GET /api/course/searchCourseWithLectures/byStudentId
2025-05-28T12:28:49.112+08:00 [DEBU] {8de0ad8a79964318057490596a166e43} Headers: map[Accept:[application/json, text/plain, */*] Accept-Encoding:[gzip, compress, deflate, br] Authorization:[Bearer eyJhbGciOiJIUzI1NiIsInR5cCI6IkpXVCJ9.eyJVc2VySWQiOjcsIkVtYWlsIjoiMTExMTExMTFAbWFpbC5zdXN0ZWNoLmVkdS5jbiIsIlVzZXJOYW1lIjoiNyIsImV4cCI6MTc0ODQyNjAyN30.SUeGH0mTcCqjS0zHyrq2Lfd5IFXFIEVrfFAph4fTnyw] Connection:[keep-alive] User-Agent:[axios/1.9.0]]
2025-05-28T12:28:49.112+08:00 [DEBU] {8de0ad8a79964318057490596a166e43} 
2025-05-28T12:28:50.179+08:00 [INFO] {7d914dca7996431808749059bc5b3faa} Request: GET /api/course/searchCourseWithLectures/byStudentId
2025-05-28T12:28:50.179+08:00 [DEBU] {7d914dca7996431808749059bc5b3faa} Headers: map[Accept:[application/json, text/plain, */*] Accept-Encoding:[gzip, compress, deflate, br] Authorization:[Bearer eyJhbGciOiJIUzI1NiIsInR5cCI6IkpXVCJ9.eyJVc2VySWQiOjcsIkVtYWlsIjoiMTExMTExMTFAbWFpbC5zdXN0ZWNoLmVkdS5jbiIsIlVzZXJOYW1lIjoiNyIsImV4cCI6MTc0ODQyNjAyN30.SUeGH0mTcCqjS0zHyrq2Lfd5IFXFIEVrfFAph4fTnyw] Connection:[keep-alive] User-Agent:[axios/1.9.0]]
2025-05-28T12:28:50.179+08:00 [DEBU] {7d914dca7996431808749059bc5b3faa} 
2025-05-28T12:28:52.165+08:00 [INFO] {8e97ab407a9643180a74905934c013bc} Request: GET /api/Files/lectureFile/lecture/1
2025-05-28T12:28:52.165+08:00 [DEBU] {8e97ab407a9643180a74905934c013bc} Headers: map[Accept:[application/json, text/plain, */*] Accept-Encoding:[gzip, deflate, br, zstd] Accept-Language:[zh-CN,zh;q=0.9] Authorization:[Bearer eyJhbGciOiJIUzI1NiIsInR5cCI6IkpXVCJ9.eyJVc2VySWQiOjcsIkVtYWlsIjoiMTExMTExMTFAbWFpbC5zdXN0ZWNoLmVkdS5jbiIsIlVzZXJOYW1lIjoiNyIsImV4cCI6MTc0ODQyNjAyN30.SUeGH0mTcCqjS0zHyrq2Lfd5IFXFIEVrfFAph4fTnyw] Connection:[close] Cookie:[jenkins-timestamper-offset=-28800000; authjs.csrf-token=4d1fee3749023da59c67a79b1a1a993c038fba416e65e958fa36ed458b42a97b%7C7728290b375132ef1cb617c9e044a38eb3fc8e107a9d6706fae37f5db9615d57; screenResolution=1470x956; JSESSIONID.5b5bebd3=node0wgjd5ta0taw112cj830yhcq1g8.node0; authjs.callback-url=http%3A%2F%2Flocalhost%3A3000%2Fdashboard; __next_hmr_refresh_hash__=341; authjs.session-token=eyJhbGciOiJkaXIiLCJlbmMiOiJBMjU2Q0JDLUhTNTEyIiwia2lkIjoiS0czOHk0LWNWZlZwSzV6UlZ4eWZodDRtb1JQSVVfVXlyZ1FmUTlpM1lTSTcybmdoLU5zWGJybWZEci1TbEdUeHpmOXJSa3BFajlJVmNEUzM0WDVwN1EifQ..xezjfBs_cJD8-afmAXiBpQ.zlxpT6R9d3GUsubAQUcwWe7ip-852SDHW3jtlmH3HYKUH_3_nHOwXBhemjeH5AjGZbEgQFyvnhUyO4PhU3Hc0vKAGRWrI7WRfPPJbcQyYVqvzeuraeC0kSjISSqgvV-OlLhe44Ol5Cf3uTtyysbSDrsiRx-MRPy1vVof4wNfouTCPe3qral0t8jwQcgJAibATNnrf3CcST91huMhUGEmPZeWGLv5a_uiqrwZv9ee-fuAXEyHIahB8tRw7kyKqWjJb9dqXLCq_N4USMeAQs_6izqXSZ-im_YdByIvHJmitbnSsUrPZdg8vbZT49cLrDwjwPon9Z7Jfq10GyhS1X2_21SZCgPqT8qO6oGPkUx0VNq0I9mBHCJuT8EbnqHq6-0YEeWfT5muXBYB4g_GtLM2ZOnhiL5ku4SCZGkYvIcNoj8Bq_nruVhXjSzy0Z75zxWsMuZVhF8pVr31zAsOWmhT7ln0xkgPIcpZU-KCyROazpVhPwq6ir8yq_8_JtPz3B6t0rnJlABGUTWr7J8CKHO2BVLOvGJePlhTBQKN02iW0dcWzZ1azNNkb410ZdW_EAj79ahKJzStMvg42eUGykAnlI18Zc8jXTwuQD4QAzqBVJEuBZR3hvukzKkSmmagtxaK88MX8dBQ2RGQCGlXctgKx7-8tCVv7IckbzERwh7uHOI.wzVuK8ZHRiSi3tD-F2uxXitUwpxhKABrvlxsg0Vi188] Referer:[http://localhost:3000/dashboard/1/1/courseware] Sec-Ch-Ua:["Chromium";v="136", "Google Chrome";v="136", "Not.A/Brand";v="99"] Sec-Ch-Ua-Mobile:[?0] Sec-Ch-Ua-Platform:["macOS"] Sec-Fetch-Dest:[empty] Sec-Fetch-Mode:[cors] Sec-Fetch-Site:[same-origin] User-Agent:[Mozilla/5.0 (Macintosh; Intel Mac OS X 10_15_7) AppleWebKit/537.36 (KHTML, like Gecko) Chrome/136.0.0.0 Safari/537.36] X-Forwarded-Host:[localhost:3000]]
2025-05-28T12:28:52.165+08:00 [DEBU] {8e97ab407a9643180a74905934c013bc} 
2025-05-28T12:28:52.186+08:00 [ERRO] {8e97ab407a9643180a74905934c013bc} Error occurred: 文件 URL 不存在 
Stack:
1.  intelligent-course-aware-ide/internal/cmd.init.func1.1
    /home/admin/team-project-25spring-15/Backend/intelligent-course-aware-ide/internal/cmd/cmd.go:47
2.  intelligent-course-aware-ide/internal/logic/middleware.MiddlewareCORS
    /home/admin/team-project-25spring-15/Backend/intelligent-course-aware-ide/internal/logic/middleware/cors.go:15

2025-05-28T12:28:52.186+08:00 [ERRO] {8e97ab407a9643180a74905934c013bc} Panic recovered: exit 
Stack:
1.  intelligent-course-aware-ide/internal/cmd.init.func1.1.1
    /home/admin/team-project-25spring-15/Backend/intelligent-course-aware-ide/internal/cmd/cmd.go:35
2.  intelligent-course-aware-ide/internal/cmd.init.func1.1
    /home/admin/team-project-25spring-15/Backend/intelligent-course-aware-ide/internal/cmd/cmd.go:48
3.  intelligent-course-aware-ide/internal/logic/middleware.MiddlewareCORS
    /home/admin/team-project-25spring-15/Backend/intelligent-course-aware-ide/internal/logic/middleware/cors.go:15

2025-05-28T12:28:52.187+08:00 {8e97ab407a9643180a74905934c013bc} 500 "GET http 47.117.144.50:8000 /api/Files/lectureFile/lecture/1 HTTP/1.1" 22663.053, 110.65.147.206, "http://localhost:3000/dashboard/1/1/courseware", "Mozilla/5.0 (Macintosh; Intel Mac OS X 10_15_7) AppleWebKit/537.36 (KHTML, like Gecko) Chrome/136.0.0.0 Safari/537.36", -1, "", ""
Stack:
1. 文件 URL 不存在
   1).  intelligent-course-aware-ide/internal/controller/Files.(*ControllerV1).GetFileWithLectureId
        /home/admin/team-project-25spring-15/Backend/intelligent-course-aware-ide/internal/controller/Files/Files_v1_get_file_with_lecture_id.go:38
   2).  intelligent-course-aware-ide/internal/logic/middleware.Auth
        /home/admin/team-project-25spring-15/Backend/intelligent-course-aware-ide/internal/logic/middleware/auth.go:56
   3).  intelligent-course-aware-ide/internal/logic/middleware.LoggerMiddleware
        /home/admin/team-project-25spring-15/Backend/intelligent-course-aware-ide/internal/logic/middleware/loggerMiddleware.go:43
   4).  intelligent-course-aware-ide/internal/cmd.init.func1.1
        /home/admin/team-project-25spring-15/Backend/intelligent-course-aware-ide/internal/cmd/cmd.go:43
   5).  intelligent-course-aware-ide/internal/logic/middleware.MiddlewareCORS
        /home/admin/team-project-25spring-15/Backend/intelligent-course-aware-ide/internal/logic/middleware/cors.go:15

2025-05-28T12:28:52.315+08:00 [INFO] {266b9d497a9643180c749059ff3fbaa9} Request: GET /api/Files/lectureFile/lecture/1
2025-05-28T12:28:52.315+08:00 [DEBU] {266b9d497a9643180c749059ff3fbaa9} Headers: map[Accept:[application/json, text/plain, */*] Accept-Encoding:[gzip, deflate, br, zstd] Accept-Language:[zh-CN,zh;q=0.9] Authorization:[Bearer eyJhbGciOiJIUzI1NiIsInR5cCI6IkpXVCJ9.eyJVc2VySWQiOjcsIkVtYWlsIjoiMTExMTExMTFAbWFpbC5zdXN0ZWNoLmVkdS5jbiIsIlVzZXJOYW1lIjoiNyIsImV4cCI6MTc0ODQyNjAyN30.SUeGH0mTcCqjS0zHyrq2Lfd5IFXFIEVrfFAph4fTnyw] Connection:[close] Cookie:[jenkins-timestamper-offset=-28800000; authjs.csrf-token=4d1fee3749023da59c67a79b1a1a993c038fba416e65e958fa36ed458b42a97b%7C7728290b375132ef1cb617c9e044a38eb3fc8e107a9d6706fae37f5db9615d57; screenResolution=1470x956; JSESSIONID.5b5bebd3=node0wgjd5ta0taw112cj830yhcq1g8.node0; authjs.callback-url=http%3A%2F%2Flocalhost%3A3000%2Fdashboard; __next_hmr_refresh_hash__=341; authjs.session-token=eyJhbGciOiJkaXIiLCJlbmMiOiJBMjU2Q0JDLUhTNTEyIiwia2lkIjoiS0czOHk0LWNWZlZwSzV6UlZ4eWZodDRtb1JQSVVfVXlyZ1FmUTlpM1lTSTcybmdoLU5zWGJybWZEci1TbEdUeHpmOXJSa3BFajlJVmNEUzM0WDVwN1EifQ..xezjfBs_cJD8-afmAXiBpQ.zlxpT6R9d3GUsubAQUcwWe7ip-852SDHW3jtlmH3HYKUH_3_nHOwXBhemjeH5AjGZbEgQFyvnhUyO4PhU3Hc0vKAGRWrI7WRfPPJbcQyYVqvzeuraeC0kSjISSqgvV-OlLhe44Ol5Cf3uTtyysbSDrsiRx-MRPy1vVof4wNfouTCPe3qral0t8jwQcgJAibATNnrf3CcST91huMhUGEmPZeWGLv5a_uiqrwZv9ee-fuAXEyHIahB8tRw7kyKqWjJb9dqXLCq_N4USMeAQs_6izqXSZ-im_YdByIvHJmitbnSsUrPZdg8vbZT49cLrDwjwPon9Z7Jfq10GyhS1X2_21SZCgPqT8qO6oGPkUx0VNq0I9mBHCJuT8EbnqHq6-0YEeWfT5muXBYB4g_GtLM2ZOnhiL5ku4SCZGkYvIcNoj8Bq_nruVhXjSzy0Z75zxWsMuZVhF8pVr31zAsOWmhT7ln0xkgPIcpZU-KCyROazpVhPwq6ir8yq_8_JtPz3B6t0rnJlABGUTWr7J8CKHO2BVLOvGJePlhTBQKN02iW0dcWzZ1azNNkb410ZdW_EAj79ahKJzStMvg42eUGykAnlI18Zc8jXTwuQD4QAzqBVJEuBZR3hvukzKkSmmagtxaK88MX8dBQ2RGQCGlXctgKx7-8tCVv7IckbzERwh7uHOI.wzVuK8ZHRiSi3tD-F2uxXitUwpxhKABrvlxsg0Vi188] Referer:[http://localhost:3000/dashboard/1/1/courseware] Sec-Ch-Ua:["Chromium";v="136", "Google Chrome";v="136", "Not.A/Brand";v="99"] Sec-Ch-Ua-Mobile:[?0] Sec-Ch-Ua-Platform:["macOS"] Sec-Fetch-Dest:[empty] Sec-Fetch-Mode:[cors] Sec-Fetch-Site:[same-origin] User-Agent:[Mozilla/5.0 (Macintosh; Intel Mac OS X 10_15_7) AppleWebKit/537.36 (KHTML, like Gecko) Chrome/136.0.0.0 Safari/537.36] X-Forwarded-Host:[localhost:3000]]
2025-05-28T12:28:52.315+08:00 [DEBU] {266b9d497a9643180c749059ff3fbaa9} 
2025-05-28T12:28:52.323+08:00 [ERRO] {266b9d497a9643180c749059ff3fbaa9} Error occurred: 文件 URL 不存在 
Stack:
1.  intelligent-course-aware-ide/internal/cmd.init.func1.1
    /home/admin/team-project-25spring-15/Backend/intelligent-course-aware-ide/internal/cmd/cmd.go:47
2.  intelligent-course-aware-ide/internal/logic/middleware.MiddlewareCORS
    /home/admin/team-project-25spring-15/Backend/intelligent-course-aware-ide/internal/logic/middleware/cors.go:15

2025-05-28T12:28:52.324+08:00 [ERRO] {266b9d497a9643180c749059ff3fbaa9} Panic recovered: exit 
Stack:
1.  intelligent-course-aware-ide/internal/cmd.init.func1.1.1
    /home/admin/team-project-25spring-15/Backend/intelligent-course-aware-ide/internal/cmd/cmd.go:35
2.  intelligent-course-aware-ide/internal/cmd.init.func1.1
    /home/admin/team-project-25spring-15/Backend/intelligent-course-aware-ide/internal/cmd/cmd.go:48
3.  intelligent-course-aware-ide/internal/logic/middleware.MiddlewareCORS
    /home/admin/team-project-25spring-15/Backend/intelligent-course-aware-ide/internal/logic/middleware/cors.go:15

2025-05-28T12:28:52.324+08:00 {266b9d497a9643180c749059ff3fbaa9} 500 "GET http 47.117.144.50:8000 /api/Files/lectureFile/lecture/1 HTTP/1.1" 9451.262, 110.65.147.206, "http://localhost:3000/dashboard/1/1/courseware", "Mozilla/5.0 (Macintosh; Intel Mac OS X 10_15_7) AppleWebKit/537.36 (KHTML, like Gecko) Chrome/136.0.0.0 Safari/537.36", -1, "", ""
Stack:
1. 文件 URL 不存在
   1).  intelligent-course-aware-ide/internal/controller/Files.(*ControllerV1).GetFileWithLectureId
        /home/admin/team-project-25spring-15/Backend/intelligent-course-aware-ide/internal/controller/Files/Files_v1_get_file_with_lecture_id.go:38
   2).  intelligent-course-aware-ide/internal/logic/middleware.Auth
        /home/admin/team-project-25spring-15/Backend/intelligent-course-aware-ide/internal/logic/middleware/auth.go:56
   3).  intelligent-course-aware-ide/internal/logic/middleware.LoggerMiddleware
        /home/admin/team-project-25spring-15/Backend/intelligent-course-aware-ide/internal/logic/middleware/loggerMiddleware.go:43
   4).  intelligent-course-aware-ide/internal/cmd.init.func1.1
        /home/admin/team-project-25spring-15/Backend/intelligent-course-aware-ide/internal/cmd/cmd.go:43
   5).  intelligent-course-aware-ide/internal/logic/middleware.MiddlewareCORS
        /home/admin/team-project-25spring-15/Backend/intelligent-course-aware-ide/internal/logic/middleware/cors.go:15

2025-05-28T12:29:06.905+08:00 [INFO] {44bf4aaf7d9643180e749059c90f1dc3} Request: POST /api/Files/lectureFile/upload
2025-05-28T12:29:06.906+08:00 [DEBU] {44bf4aaf7d9643180e749059c90f1dc3} Headers: map[Accept:[application/json, text/plain, */*] Accept-Encoding:[gzip, deflate, br, zstd] Accept-Language:[zh-CN,zh;q=0.9] Authorization:[Bearer eyJhbGciOiJIUzI1NiIsInR5cCI6IkpXVCJ9.eyJVc2VySWQiOjcsIkVtYWlsIjoiMTExMTExMTFAbWFpbC5zdXN0ZWNoLmVkdS5jbiIsIlVzZXJOYW1lIjoiNyIsImV4cCI6MTc0ODQyNjAyN30.SUeGH0mTcCqjS0zHyrq2Lfd5IFXFIEVrfFAph4fTnyw] Connection:[close] Content-Length:[3297312] Content-Type:[multipart/form-data; boundary=----WebKitFormBoundaryPMATFJhIxKrlD2T7] Cookie:[jenkins-timestamper-offset=-28800000; authjs.csrf-token=4d1fee3749023da59c67a79b1a1a993c038fba416e65e958fa36ed458b42a97b%7C7728290b375132ef1cb617c9e044a38eb3fc8e107a9d6706fae37f5db9615d57; screenResolution=1470x956; JSESSIONID.5b5bebd3=node0wgjd5ta0taw112cj830yhcq1g8.node0; authjs.callback-url=http%3A%2F%2Flocalhost%3A3000%2Fdashboard; __next_hmr_refresh_hash__=341; authjs.session-token=eyJhbGciOiJkaXIiLCJlbmMiOiJBMjU2Q0JDLUhTNTEyIiwia2lkIjoiS0czOHk0LWNWZlZwSzV6UlZ4eWZodDRtb1JQSVVfVXlyZ1FmUTlpM1lTSTcybmdoLU5zWGJybWZEci1TbEdUeHpmOXJSa3BFajlJVmNEUzM0WDVwN1EifQ..HZDS04Jpi6sJmMOyCeMJkA.Ji_h0emWKBU_QufHVpt0GRbCrNuPKsxGuNZOKHhKmPKZKWN-2W4IDG2cKdAqR04BnJZ4Y4GSqaZD1EBU3Ti5m7QA1M1Hle34F1IrmUkUmbsRjo0pPgX1Qx6gz7im3Kkc0o8SY8N_TZbEBHUEzGVHMg0IaXcaHP5LELKc5t8z5Kwj3AV4uwvhMEpXpsP9-t7aE-UbzzTe7n1BALfQPHjr9VQt6cPYOysu20JKwepRioir8megu8PoitzHhnqcXU1bh4vyGgCdrdJScB0EG0Ne4kJ_wsjtKHQgQvuTZAkrLvFn01j1VNW7o964ypyVRf4IGb78rhAywoKuGZW4LBJaFH1eAdEDwGQFYnJ4ibyEu55FBvoG3S47hW8ScIKk-_DavoBD9gXNHWpqghqT1pa4E2Dk-Q0E_35KW0NStdIkQqH5rl_rjjf9_m5cRfDQZajujcylPqyf2o_X_XjZx-XschYT5_xGfS3H7r14xUM_v4dcVZ0wUlQUatWUJDd4Ec4kRrgRSXSMNM4qLHvRaOcBAlDM1IX_-Gos_13N9FbePgsFdZouh5iwLAYTndKUx-HFFyrNKUDmlMsWAT6rxWduRm0qr2-aB21YJ2BnzNQ817JPSb78UaEA-6J2WqI7qrxBCNd1_mGP9iXU0_CguTd0POwIIfDklp0uyZskV7R6dUI.X4S0dddKWzg9T2TTrMF9hmLra8GkUacO_JyfLXJucMQ] Origin:[http://localhost:3000] Referer:[http://localhost:3000/dashboard/1/1/courseware] Sec-Ch-Ua:["Chromium";v="136", "Google Chrome";v="136", "Not.A/Brand";v="99"] Sec-Ch-Ua-Mobile:[?0] Sec-Ch-Ua-Platform:["macOS"] Sec-Fetch-Dest:[empty] Sec-Fetch-Mode:[cors] Sec-Fetch-Site:[same-origin] User-Agent:[Mozilla/5.0 (Macintosh; Intel Mac OS X 10_15_7) AppleWebKit/537.36 (KHTML, like Gecko) Chrome/136.0.0.0 Safari/537.36] X-Forwarded-Host:[localhost:3000]]
2025-05-28T12:29:07.444+08:00 [DEBU] {44bf4aaf7d9643180e749059c90f1dc3} Form: map[lectureId:1]
2025-05-28T12:29:07.444+08:00 [DEBU] {44bf4aaf7d9643180e749059c90f1dc3} 
2025-05-28T12:29:07.454+08:00 [ERRO] {44bf4aaf7d9643180e749059c90f1dc3} Error occurred: Failed to save file 
Stack:
1.  intelligent-course-aware-ide/internal/cmd.init.func1.1
    /home/admin/team-project-25spring-15/Backend/intelligent-course-aware-ide/internal/cmd/cmd.go:47
2.  intelligent-course-aware-ide/internal/logic/middleware.MiddlewareCORS
    /home/admin/team-project-25spring-15/Backend/intelligent-course-aware-ide/internal/logic/middleware/cors.go:15

2025-05-28T12:29:07.454+08:00 [ERRO] {44bf4aaf7d9643180e749059c90f1dc3} Panic recovered: exit 
Stack:
1.  intelligent-course-aware-ide/internal/cmd.init.func1.1.1
    /home/admin/team-project-25spring-15/Backend/intelligent-course-aware-ide/internal/cmd/cmd.go:35
2.  intelligent-course-aware-ide/internal/cmd.init.func1.1
    /home/admin/team-project-25spring-15/Backend/intelligent-course-aware-ide/internal/cmd/cmd.go:48
3.  intelligent-course-aware-ide/internal/logic/middleware.MiddlewareCORS
    /home/admin/team-project-25spring-15/Backend/intelligent-course-aware-ide/internal/logic/middleware/cors.go:15

2025-05-28T12:29:07.455+08:00 {44bf4aaf7d9643180e749059c90f1dc3} 500 "POST http 47.117.144.50:8000 /api/Files/lectureFile/upload HTTP/1.1" 549098.829, 110.65.147.206, "http://localhost:3000/dashboard/1/1/courseware", "Mozilla/5.0 (Macintosh; Intel Mac OS X 10_15_7) AppleWebKit/537.36 (KHTML, like Gecko) Chrome/136.0.0.0 Safari/537.36", -1, "", ""
Stack:
1. Failed to save file
   1).  intelligent-course-aware-ide/internal/controller/Files.(*ControllerV1).UploadLectureFile
        /home/admin/team-project-25spring-15/Backend/intelligent-course-aware-ide/internal/controller/Files/Files_v1_upload_lecture_file.go:50
   2).  intelligent-course-aware-ide/internal/logic/middleware.Auth
        /home/admin/team-project-25spring-15/Backend/intelligent-course-aware-ide/internal/logic/middleware/auth.go:56
   3).  intelligent-course-aware-ide/internal/logic/middleware.LoggerMiddleware
        /home/admin/team-project-25spring-15/Backend/intelligent-course-aware-ide/internal/logic/middleware/loggerMiddleware.go:43
   4).  intelligent-course-aware-ide/internal/cmd.init.func1.1
        /home/admin/team-project-25spring-15/Backend/intelligent-course-aware-ide/internal/cmd/cmd.go:43
   5).  intelligent-course-aware-ide/internal/logic/middleware.MiddlewareCORS
        /home/admin/team-project-25spring-15/Backend/intelligent-course-aware-ide/internal/logic/middleware/cors.go:15

2025-05-28T12:29:20.116+08:00 [INFO] {b693afc28096431810749059228d66fd} Request: POST /api/user/loginUser
2025-05-28T12:29:20.117+08:00 [DEBU] {b693afc28096431810749059228d66fd} Headers: map[Accept:[*/*] Accept-Encoding:[gzip, deflate] Accept-Language:[*] Connection:[keep-alive] Content-Length:[74] Content-Type:[application/json] Sec-Fetch-Mode:[cors] User-Agent:[node]]
2025-05-28T12:29:20.117+08:00 [DEBU] {b693afc28096431810749059228d66fd} Form: map[userLogin:map[email:11111111@mail.sustech.edu.cn password:123456]]
2025-05-28T12:29:20.117+08:00 [DEBU] {b693afc28096431810749059228d66fd} Body: {"userLogin":{"email":"11111111@mail.sustech.edu.cn","password":"123456"}}
2025-05-28T12:29:20.117+08:00 [DEBU] {b693afc28096431810749059228d66fd} 
2025-05-28T12:29:20.446+08:00 [INFO] {fdae5ad6809643181174905937e61b69} Request: GET /api/course/searchCourseWithLectures/byStudentId
2025-05-28T12:29:20.446+08:00 [DEBU] {fdae5ad6809643181174905937e61b69} Headers: map[Accept:[application/json, text/plain, */*] Accept-Encoding:[gzip, deflate, br, zstd] Accept-Language:[zh-CN,zh;q=0.9] Authorization:[Bearer eyJhbGciOiJIUzI1NiIsInR5cCI6IkpXVCJ9.eyJVc2VySWQiOjcsIkVtYWlsIjoiMTExMTExMTFAbWFpbC5zdXN0ZWNoLmVkdS5jbiIsIlVzZXJOYW1lIjoiNyIsImV4cCI6MTc0ODQyODE2MH0.yipyMTWaZNqlBhiOAgC0mRSP90ASryNJfS89qbCcruA] Connection:[close] Cookie:[jenkins-timestamper-offset=-28800000; authjs.csrf-token=4d1fee3749023da59c67a79b1a1a993c038fba416e65e958fa36ed458b42a97b%7C7728290b375132ef1cb617c9e044a38eb3fc8e107a9d6706fae37f5db9615d57; screenResolution=1470x956; JSESSIONID.5b5bebd3=node0wgjd5ta0taw112cj830yhcq1g8.node0; __next_hmr_refresh_hash__=341; authjs.callback-url=http%3A%2F%2Flocalhost%3A3000%2Fdashboard; authjs.session-token=eyJhbGciOiJkaXIiLCJlbmMiOiJBMjU2Q0JDLUhTNTEyIiwia2lkIjoiS0czOHk0LWNWZlZwSzV6UlZ4eWZodDRtb1JQSVVfVXlyZ1FmUTlpM1lTSTcybmdoLU5zWGJybWZEci1TbEdUeHpmOXJSa3BFajlJVmNEUzM0WDVwN1EifQ..B1uv0URlGqsj8SSZsJBGkA.nW0pXfno0HI4ZwOA9Y-EQiYFbERgaR_D8AXmvGV-_a-DVueAE5ieizDUCfT-RLraFwneu8eFJuyZ7oSwsZEOKlpFm9E3Ucv827SkQ5NzGLMjFQIyCu0tRV8RC_n0qJSoFQGeGZS6GgmPUwIebtzQ6FK8iXDjnO_UR_mvudKgzV9QSgnNQ8X944NrjYv7BLzA_hLMKPtxrKcqlLAHMV2SoV8X3hx4yF9ehrUjMivl2REIAjKxgo192jPtFIUVW2QfkODq5yUUmKWOcqjJMjB9bmCGrk2oAFGptKwGlE0FkT3LV1md_tjVrvNI4LIDmOC9TZNk74SYGjVgAIxtrHeotwaqSXa4gI77eaijsZzz1Z7iFyGoVfFDIzNp3WYqm2L3eZkyOxSAAc0fgpWk-3Ei_wYB0Fltnaq-esgoNBLoaQhcVh5F0T3mpCicrwCbwGIHKHwCic-WobnPw1diHKob8vC7rkHNZG081wT-7LCEJoD8cUaEaAznrk0-Lk31qLWY6ZAPapfjDDdTSt-6qFwxLIJvWrTORy-x2xmBM1ADzTisdablQnPn4_6V4HBi6YYmn0vp5F-SYckal4xuZcGz4qciCpOg8jrKIzzqGPrst9iWL-SiWLYxky-uztUc072t-HQnNF_yTRMs8_SNxU-YqyioNO1RWnz0bBWQvF2aqrY.CbVBskPq51E3jfS8cJKWyHPBZiErZvnz-7hmFYM4bbk] Referer:[http://localhost:3000/dashboard] Sec-Ch-Ua:["Chromium";v="136", "Google Chrome";v="136", "Not.A/Brand";v="99"] Sec-Ch-Ua-Mobile:[?0] Sec-Ch-Ua-Platform:["macOS"] Sec-Fetch-Dest:[empty] Sec-Fetch-Mode:[cors] Sec-Fetch-Site:[same-origin] User-Agent:[Mozilla/5.0 (Macintosh; Intel Mac OS X 10_15_7) AppleWebKit/537.36 (KHTML, like Gecko) Chrome/136.0.0.0 Safari/537.36] X-Forwarded-Host:[localhost:3000]]
2025-05-28T12:29:20.446+08:00 [DEBU] {fdae5ad6809643181174905937e61b69} 
2025-05-28T12:29:20.564+08:00 [INFO] {09d76cdd8096431813749059c605d127} Request: GET /api/course/searchCourseWithLectures/byStudentId
2025-05-28T12:29:20.565+08:00 [DEBU] {09d76cdd8096431813749059c605d127} Headers: map[Accept:[application/json, text/plain, */*] Accept-Encoding:[gzip, deflate, br, zstd] Accept-Language:[zh-CN,zh;q=0.9] Authorization:[Bearer eyJhbGciOiJIUzI1NiIsInR5cCI6IkpXVCJ9.eyJVc2VySWQiOjcsIkVtYWlsIjoiMTExMTExMTFAbWFpbC5zdXN0ZWNoLmVkdS5jbiIsIlVzZXJOYW1lIjoiNyIsImV4cCI6MTc0ODQyODE2MH0.yipyMTWaZNqlBhiOAgC0mRSP90ASryNJfS89qbCcruA] Connection:[close] Cookie:[jenkins-timestamper-offset=-28800000; authjs.csrf-token=4d1fee3749023da59c67a79b1a1a993c038fba416e65e958fa36ed458b42a97b%7C7728290b375132ef1cb617c9e044a38eb3fc8e107a9d6706fae37f5db9615d57; screenResolution=1470x956; JSESSIONID.5b5bebd3=node0wgjd5ta0taw112cj830yhcq1g8.node0; __next_hmr_refresh_hash__=341; authjs.callback-url=http%3A%2F%2Flocalhost%3A3000%2Fdashboard; authjs.session-token=eyJhbGciOiJkaXIiLCJlbmMiOiJBMjU2Q0JDLUhTNTEyIiwia2lkIjoiS0czOHk0LWNWZlZwSzV6UlZ4eWZodDRtb1JQSVVfVXlyZ1FmUTlpM1lTSTcybmdoLU5zWGJybWZEci1TbEdUeHpmOXJSa3BFajlJVmNEUzM0WDVwN1EifQ..B1uv0URlGqsj8SSZsJBGkA.nW0pXfno0HI4ZwOA9Y-EQiYFbERgaR_D8AXmvGV-_a-DVueAE5ieizDUCfT-RLraFwneu8eFJuyZ7oSwsZEOKlpFm9E3Ucv827SkQ5NzGLMjFQIyCu0tRV8RC_n0qJSoFQGeGZS6GgmPUwIebtzQ6FK8iXDjnO_UR_mvudKgzV9QSgnNQ8X944NrjYv7BLzA_hLMKPtxrKcqlLAHMV2SoV8X3hx4yF9ehrUjMivl2REIAjKxgo192jPtFIUVW2QfkODq5yUUmKWOcqjJMjB9bmCGrk2oAFGptKwGlE0FkT3LV1md_tjVrvNI4LIDmOC9TZNk74SYGjVgAIxtrHeotwaqSXa4gI77eaijsZzz1Z7iFyGoVfFDIzNp3WYqm2L3eZkyOxSAAc0fgpWk-3Ei_wYB0Fltnaq-esgoNBLoaQhcVh5F0T3mpCicrwCbwGIHKHwCic-WobnPw1diHKob8vC7rkHNZG081wT-7LCEJoD8cUaEaAznrk0-Lk31qLWY6ZAPapfjDDdTSt-6qFwxLIJvWrTORy-x2xmBM1ADzTisdablQnPn4_6V4HBi6YYmn0vp5F-SYckal4xuZcGz4qciCpOg8jrKIzzqGPrst9iWL-SiWLYxky-uztUc072t-HQnNF_yTRMs8_SNxU-YqyioNO1RWnz0bBWQvF2aqrY.CbVBskPq51E3jfS8cJKWyHPBZiErZvnz-7hmFYM4bbk] Referer:[http://localhost:3000/dashboard] Sec-Ch-Ua:["Chromium";v="136", "Google Chrome";v="136", "Not.A/Brand";v="99"] Sec-Ch-Ua-Mobile:[?0] Sec-Ch-Ua-Platform:["macOS"] Sec-Fetch-Dest:[empty] Sec-Fetch-Mode:[cors] Sec-Fetch-Site:[same-origin] User-Agent:[Mozilla/5.0 (Macintosh; Intel Mac OS X 10_15_7) AppleWebKit/537.36 (KHTML, like Gecko) Chrome/136.0.0.0 Safari/537.36] X-Forwarded-Host:[localhost:3000]]
2025-05-28T12:29:20.565+08:00 [DEBU] {09d76cdd8096431813749059c605d127} 
2025-05-28T12:31:23.427+08:00 [INFO] {e6d197789d964318157490591d8a4c64} Request: GET /api/course/searchCourseWithLectures/byStudentId
2025-05-28T12:31:23.427+08:00 [DEBU] {e6d197789d964318157490591d8a4c64} Headers: map[Accept:[application/json, text/plain, */*] Accept-Encoding:[gzip, compress, deflate, br] Authorization:[Bearer eyJhbGciOiJIUzI1NiIsInR5cCI6IkpXVCJ9.eyJVc2VySWQiOjcsIkVtYWlsIjoiMTExMTExMTFAbWFpbC5zdXN0ZWNoLmVkdS5jbiIsIlVzZXJOYW1lIjoiNyIsImV4cCI6MTc0ODQyODE2MH0.yipyMTWaZNqlBhiOAgC0mRSP90ASryNJfS89qbCcruA] Connection:[keep-alive] User-Agent:[axios/1.9.0]]
2025-05-28T12:31:23.427+08:00 [DEBU] {e6d197789d964318157490591d8a4c64} 
2025-05-28T12:31:24.218+08:00 [INFO] {6f68c6a79d9643181774905989a29512} Request: GET /api/course/searchCourseWithLectures/byStudentId
2025-05-28T12:31:24.219+08:00 [DEBU] {6f68c6a79d9643181774905989a29512} Headers: map[Accept:[application/json, text/plain, */*] Accept-Encoding:[gzip, compress, deflate, br] Authorization:[Bearer eyJhbGciOiJIUzI1NiIsInR5cCI6IkpXVCJ9.eyJVc2VySWQiOjcsIkVtYWlsIjoiMTExMTExMTFAbWFpbC5zdXN0ZWNoLmVkdS5jbiIsIlVzZXJOYW1lIjoiNyIsImV4cCI6MTc0ODQyODE2MH0.yipyMTWaZNqlBhiOAgC0mRSP90ASryNJfS89qbCcruA] Connection:[keep-alive] User-Agent:[axios/1.9.0]]
2025-05-28T12:31:24.219+08:00 [DEBU] {6f68c6a79d9643181774905989a29512} 
2025-05-28T12:31:25.886+08:00 [INFO] {0ae2340b9e96431819749059c87cd92e} Request: GET /api/Files/lectureFile/lecture/1
2025-05-28T12:31:25.887+08:00 [DEBU] {0ae2340b9e96431819749059c87cd92e} Headers: map[Accept:[application/json, text/plain, */*] Accept-Encoding:[gzip, deflate, br, zstd] Accept-Language:[zh-CN,zh;q=0.9] Authorization:[Bearer eyJhbGciOiJIUzI1NiIsInR5cCI6IkpXVCJ9.eyJVc2VySWQiOjcsIkVtYWlsIjoiMTExMTExMTFAbWFpbC5zdXN0ZWNoLmVkdS5jbiIsIlVzZXJOYW1lIjoiNyIsImV4cCI6MTc0ODQyODE2MH0.yipyMTWaZNqlBhiOAgC0mRSP90ASryNJfS89qbCcruA] Connection:[close] Cookie:[jenkins-timestamper-offset=-28800000; authjs.csrf-token=4d1fee3749023da59c67a79b1a1a993c038fba416e65e958fa36ed458b42a97b%7C7728290b375132ef1cb617c9e044a38eb3fc8e107a9d6706fae37f5db9615d57; screenResolution=1470x956; JSESSIONID.5b5bebd3=node0wgjd5ta0taw112cj830yhcq1g8.node0; __next_hmr_refresh_hash__=341; authjs.callback-url=http%3A%2F%2Flocalhost%3A3000%2Fdashboard; authjs.session-token=eyJhbGciOiJkaXIiLCJlbmMiOiJBMjU2Q0JDLUhTNTEyIiwia2lkIjoiS0czOHk0LWNWZlZwSzV6UlZ4eWZodDRtb1JQSVVfVXlyZ1FmUTlpM1lTSTcybmdoLU5zWGJybWZEci1TbEdUeHpmOXJSa3BFajlJVmNEUzM0WDVwN1EifQ..ELjCpXpHpuM491Mdgp6WfA.dUVcBAHARGuNW-kg5d_GSlDmpTsTAJdhasHaRwQyxH3xEz0DMTpRumzjFJcKsMu8Aeq-XQA_w4GT84tM_7JA0Dj8ZLG5cReozDjn3WEvvp3K1NgRmESzhfwFv4xoHykuKoVIy5PxQ5rxCBmJyr74S7jQGJKYaRVofRkSc1NlOt5GGYsLV7NDICWTK2X5-a6cbPMLxdjWeG_jE33UbhYO-amMiIDAhxRL8oUo9LBQ2l8FbtDq142HicK-PWDs68SdB-fSO1LqVjTNSTeJEQ6YQX9pI_yXdYGs6pyxUSvQnwwbdKDHvFIl_LIl6maGiv9lWoS2nsXQtktPwWsG-flux7rDy3nuXmW1htGAxubBdZ97kOd5lwjGij-EVJLO1A7L1cBE1IiQCktwo8ge1lZLzvwbnRTfOYQiMnzfKRbAsEUjtXiBG-fqVxoFU0BtCWKWY1JEr92e4-VRoF4eCCrS7aD_VmubA-47yDwjSpGB9Cp59gvo4_RRpqRsFDTZ8x97C6eTwvQPiiuRckrZE_SOBvZ9TdA4r2PKvT6MAf9Qejgv-zfSb9AtuLKOuSLI9mdBzCz1mBvTYISx38Bz8CaF23zk8c57ekfhk5aVjh0TUBrsNwWYr2mz3vZu7PXGVH4GoyXcBIVP7g84josJ25HNYQHAjaZPX-0P-emqbBc16t8.cOsBsmQAXOtj81-bF5WrNdjQgrjA9v9599FvSB9H0IA] Referer:[http://localhost:3000/dashboard/1/1/courseware] Sec-Ch-Ua:["Chromium";v="136", "Google Chrome";v="136", "Not.A/Brand";v="99"] Sec-Ch-Ua-Mobile:[?0] Sec-Ch-Ua-Platform:["macOS"] Sec-Fetch-Dest:[empty] Sec-Fetch-Mode:[cors] Sec-Fetch-Site:[same-origin] User-Agent:[Mozilla/5.0 (Macintosh; Intel Mac OS X 10_15_7) AppleWebKit/537.36 (KHTML, like Gecko) Chrome/136.0.0.0 Safari/537.36] X-Forwarded-Host:[localhost:3000]]
2025-05-28T12:31:25.887+08:00 [DEBU] {0ae2340b9e96431819749059c87cd92e} 
2025-05-28T12:31:25.897+08:00 [ERRO] {0ae2340b9e96431819749059c87cd92e} Error occurred: 文件 URL 不存在 
Stack:
1.  intelligent-course-aware-ide/internal/cmd.init.func1.1
    /home/admin/team-project-25spring-15/Backend/intelligent-course-aware-ide/internal/cmd/cmd.go:47
2.  intelligent-course-aware-ide/internal/logic/middleware.MiddlewareCORS
    /home/admin/team-project-25spring-15/Backend/intelligent-course-aware-ide/internal/logic/middleware/cors.go:15

2025-05-28T12:31:25.898+08:00 [ERRO] {0ae2340b9e96431819749059c87cd92e} Panic recovered: exit 
Stack:
1.  intelligent-course-aware-ide/internal/cmd.init.func1.1.1
    /home/admin/team-project-25spring-15/Backend/intelligent-course-aware-ide/internal/cmd/cmd.go:35
2.  intelligent-course-aware-ide/internal/cmd.init.func1.1
    /home/admin/team-project-25spring-15/Backend/intelligent-course-aware-ide/internal/cmd/cmd.go:48
3.  intelligent-course-aware-ide/internal/logic/middleware.MiddlewareCORS
    /home/admin/team-project-25spring-15/Backend/intelligent-course-aware-ide/internal/logic/middleware/cors.go:15

2025-05-28T12:31:25.898+08:00 {0ae2340b9e96431819749059c87cd92e} 500 "GET http 47.117.144.50:8000 /api/Files/lectureFile/lecture/1 HTTP/1.1" 11704.274, 110.65.147.206, "http://localhost:3000/dashboard/1/1/courseware", "Mozilla/5.0 (Macintosh; Intel Mac OS X 10_15_7) AppleWebKit/537.36 (KHTML, like Gecko) Chrome/136.0.0.0 Safari/537.36", -1, "", ""
Stack:
1. 文件 URL 不存在
   1).  intelligent-course-aware-ide/internal/controller/Files.(*ControllerV1).GetFileWithLectureId
        /home/admin/team-project-25spring-15/Backend/intelligent-course-aware-ide/internal/controller/Files/Files_v1_get_file_with_lecture_id.go:38
   2).  intelligent-course-aware-ide/internal/logic/middleware.Auth
        /home/admin/team-project-25spring-15/Backend/intelligent-course-aware-ide/internal/logic/middleware/auth.go:56
   3).  intelligent-course-aware-ide/internal/logic/middleware.LoggerMiddleware
        /home/admin/team-project-25spring-15/Backend/intelligent-course-aware-ide/internal/logic/middleware/loggerMiddleware.go:43
   4).  intelligent-course-aware-ide/internal/cmd.init.func1.1
        /home/admin/team-project-25spring-15/Backend/intelligent-course-aware-ide/internal/cmd/cmd.go:43
   5).  intelligent-course-aware-ide/internal/logic/middleware.MiddlewareCORS
        /home/admin/team-project-25spring-15/Backend/intelligent-course-aware-ide/internal/logic/middleware/cors.go:15

2025-05-28T12:31:25.989+08:00 [INFO] {31e04e119e9643181b749059bc129038} Request: GET /api/Files/lectureFile/lecture/1
2025-05-28T12:31:25.989+08:00 [DEBU] {31e04e119e9643181b749059bc129038} Headers: map[Accept:[application/json, text/plain, */*] Accept-Encoding:[gzip, deflate, br, zstd] Accept-Language:[zh-CN,zh;q=0.9] Authorization:[Bearer eyJhbGciOiJIUzI1NiIsInR5cCI6IkpXVCJ9.eyJVc2VySWQiOjcsIkVtYWlsIjoiMTExMTExMTFAbWFpbC5zdXN0ZWNoLmVkdS5jbiIsIlVzZXJOYW1lIjoiNyIsImV4cCI6MTc0ODQyODE2MH0.yipyMTWaZNqlBhiOAgC0mRSP90ASryNJfS89qbCcruA] Connection:[close] Cookie:[jenkins-timestamper-offset=-28800000; authjs.csrf-token=4d1fee3749023da59c67a79b1a1a993c038fba416e65e958fa36ed458b42a97b%7C7728290b375132ef1cb617c9e044a38eb3fc8e107a9d6706fae37f5db9615d57; screenResolution=1470x956; JSESSIONID.5b5bebd3=node0wgjd5ta0taw112cj830yhcq1g8.node0; __next_hmr_refresh_hash__=341; authjs.callback-url=http%3A%2F%2Flocalhost%3A3000%2Fdashboard; authjs.session-token=eyJhbGciOiJkaXIiLCJlbmMiOiJBMjU2Q0JDLUhTNTEyIiwia2lkIjoiS0czOHk0LWNWZlZwSzV6UlZ4eWZodDRtb1JQSVVfVXlyZ1FmUTlpM1lTSTcybmdoLU5zWGJybWZEci1TbEdUeHpmOXJSa3BFajlJVmNEUzM0WDVwN1EifQ..ELjCpXpHpuM491Mdgp6WfA.dUVcBAHARGuNW-kg5d_GSlDmpTsTAJdhasHaRwQyxH3xEz0DMTpRumzjFJcKsMu8Aeq-XQA_w4GT84tM_7JA0Dj8ZLG5cReozDjn3WEvvp3K1NgRmESzhfwFv4xoHykuKoVIy5PxQ5rxCBmJyr74S7jQGJKYaRVofRkSc1NlOt5GGYsLV7NDICWTK2X5-a6cbPMLxdjWeG_jE33UbhYO-amMiIDAhxRL8oUo9LBQ2l8FbtDq142HicK-PWDs68SdB-fSO1LqVjTNSTeJEQ6YQX9pI_yXdYGs6pyxUSvQnwwbdKDHvFIl_LIl6maGiv9lWoS2nsXQtktPwWsG-flux7rDy3nuXmW1htGAxubBdZ97kOd5lwjGij-EVJLO1A7L1cBE1IiQCktwo8ge1lZLzvwbnRTfOYQiMnzfKRbAsEUjtXiBG-fqVxoFU0BtCWKWY1JEr92e4-VRoF4eCCrS7aD_VmubA-47yDwjSpGB9Cp59gvo4_RRpqRsFDTZ8x97C6eTwvQPiiuRckrZE_SOBvZ9TdA4r2PKvT6MAf9Qejgv-zfSb9AtuLKOuSLI9mdBzCz1mBvTYISx38Bz8CaF23zk8c57ekfhk5aVjh0TUBrsNwWYr2mz3vZu7PXGVH4GoyXcBIVP7g84josJ25HNYQHAjaZPX-0P-emqbBc16t8.cOsBsmQAXOtj81-bF5WrNdjQgrjA9v9599FvSB9H0IA] Referer:[http://localhost:3000/dashboard/1/1/courseware] Sec-Ch-Ua:["Chromium";v="136", "Google Chrome";v="136", "Not.A/Brand";v="99"] Sec-Ch-Ua-Mobile:[?0] Sec-Ch-Ua-Platform:["macOS"] Sec-Fetch-Dest:[empty] Sec-Fetch-Mode:[cors] Sec-Fetch-Site:[same-origin] User-Agent:[Mozilla/5.0 (Macintosh; Intel Mac OS X 10_15_7) AppleWebKit/537.36 (KHTML, like Gecko) Chrome/136.0.0.0 Safari/537.36] X-Forwarded-Host:[localhost:3000]]
2025-05-28T12:31:25.989+08:00 [DEBU] {31e04e119e9643181b749059bc129038} 
2025-05-28T12:31:25.997+08:00 [ERRO] {31e04e119e9643181b749059bc129038} Error occurred: 文件 URL 不存在 
Stack:
1.  intelligent-course-aware-ide/internal/cmd.init.func1.1
    /home/admin/team-project-25spring-15/Backend/intelligent-course-aware-ide/internal/cmd/cmd.go:47
2.  intelligent-course-aware-ide/internal/logic/middleware.MiddlewareCORS
    /home/admin/team-project-25spring-15/Backend/intelligent-course-aware-ide/internal/logic/middleware/cors.go:15

2025-05-28T12:31:25.997+08:00 [ERRO] {31e04e119e9643181b749059bc129038} Panic recovered: exit 
Stack:
1.  intelligent-course-aware-ide/internal/cmd.init.func1.1.1
    /home/admin/team-project-25spring-15/Backend/intelligent-course-aware-ide/internal/cmd/cmd.go:35
2.  intelligent-course-aware-ide/internal/cmd.init.func1.1
    /home/admin/team-project-25spring-15/Backend/intelligent-course-aware-ide/internal/cmd/cmd.go:48
3.  intelligent-course-aware-ide/internal/logic/middleware.MiddlewareCORS
    /home/admin/team-project-25spring-15/Backend/intelligent-course-aware-ide/internal/logic/middleware/cors.go:15

2025-05-28T12:31:25.998+08:00 {31e04e119e9643181b749059bc129038} 500 "GET http 47.117.144.50:8000 /api/Files/lectureFile/lecture/1 HTTP/1.1" 8653.071, 110.65.147.206, "http://localhost:3000/dashboard/1/1/courseware", "Mozilla/5.0 (Macintosh; Intel Mac OS X 10_15_7) AppleWebKit/537.36 (KHTML, like Gecko) Chrome/136.0.0.0 Safari/537.36", -1, "", ""
Stack:
1. 文件 URL 不存在
   1).  intelligent-course-aware-ide/internal/controller/Files.(*ControllerV1).GetFileWithLectureId
        /home/admin/team-project-25spring-15/Backend/intelligent-course-aware-ide/internal/controller/Files/Files_v1_get_file_with_lecture_id.go:38
   2).  intelligent-course-aware-ide/internal/logic/middleware.Auth
        /home/admin/team-project-25spring-15/Backend/intelligent-course-aware-ide/internal/logic/middleware/auth.go:56
   3).  intelligent-course-aware-ide/internal/logic/middleware.LoggerMiddleware
        /home/admin/team-project-25spring-15/Backend/intelligent-course-aware-ide/internal/logic/middleware/loggerMiddleware.go:43
   4).  intelligent-course-aware-ide/internal/cmd.init.func1.1
        /home/admin/team-project-25spring-15/Backend/intelligent-course-aware-ide/internal/cmd/cmd.go:43
   5).  intelligent-course-aware-ide/internal/logic/middleware.MiddlewareCORS
        /home/admin/team-project-25spring-15/Backend/intelligent-course-aware-ide/internal/logic/middleware/cors.go:15

2025-05-28T12:31:35.905+08:00 [INFO] {93725e60a09643181d74905900cc7285} Request: POST /api/Files/lectureFile/upload
2025-05-28T12:31:35.905+08:00 [DEBU] {93725e60a09643181d74905900cc7285} Headers: map[Accept:[application/json, text/plain, */*] Accept-Encoding:[gzip, deflate, br, zstd] Accept-Language:[zh-CN,zh;q=0.9] Authorization:[Bearer eyJhbGciOiJIUzI1NiIsInR5cCI6IkpXVCJ9.eyJVc2VySWQiOjcsIkVtYWlsIjoiMTExMTExMTFAbWFpbC5zdXN0ZWNoLmVkdS5jbiIsIlVzZXJOYW1lIjoiNyIsImV4cCI6MTc0ODQyODE2MH0.yipyMTWaZNqlBhiOAgC0mRSP90ASryNJfS89qbCcruA] Connection:[close] Content-Length:[57175] Content-Type:[multipart/form-data; boundary=----WebKitFormBoundaryszSHYv8ldIm7SsgF] Cookie:[jenkins-timestamper-offset=-28800000; authjs.csrf-token=4d1fee3749023da59c67a79b1a1a993c038fba416e65e958fa36ed458b42a97b%7C7728290b375132ef1cb617c9e044a38eb3fc8e107a9d6706fae37f5db9615d57; screenResolution=1470x956; JSESSIONID.5b5bebd3=node0wgjd5ta0taw112cj830yhcq1g8.node0; __next_hmr_refresh_hash__=341; authjs.callback-url=http%3A%2F%2Flocalhost%3A3000%2Fdashboard; authjs.session-token=eyJhbGciOiJkaXIiLCJlbmMiOiJBMjU2Q0JDLUhTNTEyIiwia2lkIjoiS0czOHk0LWNWZlZwSzV6UlZ4eWZodDRtb1JQSVVfVXlyZ1FmUTlpM1lTSTcybmdoLU5zWGJybWZEci1TbEdUeHpmOXJSa3BFajlJVmNEUzM0WDVwN1EifQ..ELjCpXpHpuM491Mdgp6WfA.dUVcBAHARGuNW-kg5d_GSlDmpTsTAJdhasHaRwQyxH3xEz0DMTpRumzjFJcKsMu8Aeq-XQA_w4GT84tM_7JA0Dj8ZLG5cReozDjn3WEvvp3K1NgRmESzhfwFv4xoHykuKoVIy5PxQ5rxCBmJyr74S7jQGJKYaRVofRkSc1NlOt5GGYsLV7NDICWTK2X5-a6cbPMLxdjWeG_jE33UbhYO-amMiIDAhxRL8oUo9LBQ2l8FbtDq142HicK-PWDs68SdB-fSO1LqVjTNSTeJEQ6YQX9pI_yXdYGs6pyxUSvQnwwbdKDHvFIl_LIl6maGiv9lWoS2nsXQtktPwWsG-flux7rDy3nuXmW1htGAxubBdZ97kOd5lwjGij-EVJLO1A7L1cBE1IiQCktwo8ge1lZLzvwbnRTfOYQiMnzfKRbAsEUjtXiBG-fqVxoFU0BtCWKWY1JEr92e4-VRoF4eCCrS7aD_VmubA-47yDwjSpGB9Cp59gvo4_RRpqRsFDTZ8x97C6eTwvQPiiuRckrZE_SOBvZ9TdA4r2PKvT6MAf9Qejgv-zfSb9AtuLKOuSLI9mdBzCz1mBvTYISx38Bz8CaF23zk8c57ekfhk5aVjh0TUBrsNwWYr2mz3vZu7PXGVH4GoyXcBIVP7g84josJ25HNYQHAjaZPX-0P-emqbBc16t8.cOsBsmQAXOtj81-bF5WrNdjQgrjA9v9599FvSB9H0IA] Origin:[http://localhost:3000] Referer:[http://localhost:3000/dashboard/1/1/courseware] Sec-Ch-Ua:["Chromium";v="136", "Google Chrome";v="136", "Not.A/Brand";v="99"] Sec-Ch-Ua-Mobile:[?0] Sec-Ch-Ua-Platform:["macOS"] Sec-Fetch-Dest:[empty] Sec-Fetch-Mode:[cors] Sec-Fetch-Site:[same-origin] User-Agent:[Mozilla/5.0 (Macintosh; Intel Mac OS X 10_15_7) AppleWebKit/537.36 (KHTML, like Gecko) Chrome/136.0.0.0 Safari/537.36] X-Forwarded-Host:[localhost:3000]]
2025-05-28T12:31:36.017+08:00 [DEBU] {93725e60a09643181d74905900cc7285} Form: map[lectureId:1]
2025-05-28T12:31:36.017+08:00 [DEBU] {93725e60a09643181d74905900cc7285} 
2025-05-28T12:31:36.047+08:00 [ERRO] {93725e60a09643181d74905900cc7285} Error occurred: Failed to save file 
Stack:
1.  intelligent-course-aware-ide/internal/cmd.init.func1.1
    /home/admin/team-project-25spring-15/Backend/intelligent-course-aware-ide/internal/cmd/cmd.go:47
2.  intelligent-course-aware-ide/internal/logic/middleware.MiddlewareCORS
    /home/admin/team-project-25spring-15/Backend/intelligent-course-aware-ide/internal/logic/middleware/cors.go:15

2025-05-28T12:31:36.050+08:00 [ERRO] {93725e60a09643181d74905900cc7285} Panic recovered: exit 
Stack:
1.  intelligent-course-aware-ide/internal/cmd.init.func1.1.1
    /home/admin/team-project-25spring-15/Backend/intelligent-course-aware-ide/internal/cmd/cmd.go:35
2.  intelligent-course-aware-ide/internal/cmd.init.func1.1
    /home/admin/team-project-25spring-15/Backend/intelligent-course-aware-ide/internal/cmd/cmd.go:48
3.  intelligent-course-aware-ide/internal/logic/middleware.MiddlewareCORS
    /home/admin/team-project-25spring-15/Backend/intelligent-course-aware-ide/internal/logic/middleware/cors.go:15

2025-05-28T12:31:36.051+08:00 {93725e60a09643181d74905900cc7285} 500 "POST http 47.117.144.50:8000 /api/Files/lectureFile/upload HTTP/1.1" 145415.260, 110.65.147.206, "http://localhost:3000/dashboard/1/1/courseware", "Mozilla/5.0 (Macintosh; Intel Mac OS X 10_15_7) AppleWebKit/537.36 (KHTML, like Gecko) Chrome/136.0.0.0 Safari/537.36", -1, "", ""
Stack:
1. Failed to save file
   1).  intelligent-course-aware-ide/internal/controller/Files.(*ControllerV1).UploadLectureFile
        /home/admin/team-project-25spring-15/Backend/intelligent-course-aware-ide/internal/controller/Files/Files_v1_upload_lecture_file.go:50
   2).  intelligent-course-aware-ide/internal/logic/middleware.Auth
        /home/admin/team-project-25spring-15/Backend/intelligent-course-aware-ide/internal/logic/middleware/auth.go:56
   3).  intelligent-course-aware-ide/internal/logic/middleware.LoggerMiddleware
        /home/admin/team-project-25spring-15/Backend/intelligent-course-aware-ide/internal/logic/middleware/loggerMiddleware.go:43
   4).  intelligent-course-aware-ide/internal/cmd.init.func1.1
        /home/admin/team-project-25spring-15/Backend/intelligent-course-aware-ide/internal/cmd/cmd.go:43
   5).  intelligent-course-aware-ide/internal/logic/middleware.MiddlewareCORS
        /home/admin/team-project-25spring-15/Backend/intelligent-course-aware-ide/internal/logic/middleware/cors.go:15

2025-05-28T12:31:53.110+08:00 [INFO] {c883dc61a49643181f749059ef118b87} Request: GET /api/course/searchCourseWithLectures/byStudentId
2025-05-28T12:31:53.110+08:00 [DEBU] {c883dc61a49643181f749059ef118b87} Headers: map[Accept:[application/json, text/plain, */*] Accept-Encoding:[gzip, compress, deflate, br] Authorization:[Bearer eyJhbGciOiJIUzI1NiIsInR5cCI6IkpXVCJ9.eyJVc2VySWQiOjcsIkVtYWlsIjoiMTExMTExMTFAbWFpbC5zdXN0ZWNoLmVkdS5jbiIsIlVzZXJOYW1lIjoiNyIsImV4cCI6MTc0ODQyODE2MH0.yipyMTWaZNqlBhiOAgC0mRSP90ASryNJfS89qbCcruA] Connection:[keep-alive] User-Agent:[axios/1.9.0]]
2025-05-28T12:31:53.110+08:00 [DEBU] {c883dc61a49643181f749059ef118b87} 
2025-05-28T12:41:58.431+08:00 [INFO] {8439d0513197431821749059c71d6490} Request: GET /api/course/searchCourseWithLectures/byStudentId
2025-05-28T12:41:58.432+08:00 [DEBU] {8439d0513197431821749059c71d6490} Headers: map[Accept:[application/json, text/plain, */*] Accept-Encoding:[gzip, deflate, br, zstd] Accept-Language:[zh-CN,zh;q=0.9] Authorization:[Bearer eyJhbGciOiJIUzI1NiIsInR5cCI6IkpXVCJ9.eyJVc2VySWQiOjcsIkVtYWlsIjoiMTExMTExMTFAbWFpbC5zdXN0ZWNoLmVkdS5jbiIsIlVzZXJOYW1lIjoiNyIsImV4cCI6MTc0ODQyODE2MH0.yipyMTWaZNqlBhiOAgC0mRSP90ASryNJfS89qbCcruA] Connection:[close] Cookie:[jenkins-timestamper-offset=-28800000; authjs.csrf-token=4d1fee3749023da59c67a79b1a1a993c038fba416e65e958fa36ed458b42a97b%7C7728290b375132ef1cb617c9e044a38eb3fc8e107a9d6706fae37f5db9615d57; screenResolution=1470x956; JSESSIONID.5b5bebd3=node0wgjd5ta0taw112cj830yhcq1g8.node0; authjs.callback-url=http%3A%2F%2Flocalhost%3A3000%2Fdashboard; authjs.session-token=eyJhbGciOiJkaXIiLCJlbmMiOiJBMjU2Q0JDLUhTNTEyIiwia2lkIjoiS0czOHk0LWNWZlZwSzV6UlZ4eWZodDRtb1JQSVVfVXlyZ1FmUTlpM1lTSTcybmdoLU5zWGJybWZEci1TbEdUeHpmOXJSa3BFajlJVmNEUzM0WDVwN1EifQ..NSB6H_ILCbb49qsU9zCGsw.h_9Q-ew8zmc9rZd4K4KSurC5PTi9nPHkL1r-RzWvr-cmOgle7LUSljO3CmQ_X32BeqVtaz_U5HMwETQt7gbOg4766vL-hTHdRKpC5DyM2cDlkmviO2nMbe70AoHcRr2gDONNC2A6fGuGjC5EA6ZUL1wR0wzoZgl8NnxTTmkrus_8ZkUwROwXzpXYRmq9lkejBZN5d5d53I1frzkzf7OzHKj--636G66047nRjyAISRKu8o2Rrga3Y7GMK3vMNxN4i37jylp-9EIgP_hxrk4zEJbewpZL8qGOTbKAunWaVG9e_jxrBYTVwmyOfxK6MR2ACTqzjVeW-cu9mGAd0cqecGFv1VhvXK6qqyY5MIBVIQd3sJl5mZ8bDUZcAchsf_ey_JNl1khUxXNzIsmIw4nWyfyI_3p4V-8ojNlMirUXM2Nz6IxYSj0nUqHuyJSWSGkuvYqQ_v0c27oOof5PCXIgYc4CYSmW1ldOa5gGVXC0fXttDyvA-F2rPkv2Ogib9gOb9Nyg5-7n9RRmXwDqh7o1mp69BoVWQdXjRRcZmbWSMXeDljz60lDZ68--gxc-Lj4iCIhKIAfMRK4K1P3PnWBjNQfaGD021srKYyEDeaUfaGOBP9IjHVmTM8BRznx9YAifqPat5I2rhO21hi7-JNrbvqXCKbh68kiSX-YE1DkG0OU.9Y5s4TH6MuhnXEEWsNFklLOask74yUr9lyb4QwV5FeY; __next_hmr_refresh_hash__=403] Referer:[http://localhost:3000/dashboard] Sec-Ch-Ua:["Chromium";v="136", "Google Chrome";v="136", "Not.A/Brand";v="99"] Sec-Ch-Ua-Mobile:[?0] Sec-Ch-Ua-Platform:["macOS"] Sec-Fetch-Dest:[empty] Sec-Fetch-Mode:[cors] Sec-Fetch-Site:[same-origin] User-Agent:[Mozilla/5.0 (Macintosh; Intel Mac OS X 10_15_7) AppleWebKit/537.36 (KHTML, like Gecko) Chrome/136.0.0.0 Safari/537.36] X-Forwarded-Host:[localhost:3000]]
2025-05-28T12:41:58.432+08:00 [DEBU] {8439d0513197431821749059c71d6490} 
2025-05-28T12:41:59.958+08:00 [INFO] {19cbceac3197431823749059ef7586c4} Request: GET /api/course/searchCourseWithLectures/byStudentId
2025-05-28T12:41:59.958+08:00 [DEBU] {19cbceac3197431823749059ef7586c4} Headers: map[Accept:[application/json, text/plain, */*] Accept-Encoding:[gzip, deflate, br, zstd] Accept-Language:[zh-CN,zh;q=0.9] Authorization:[Bearer eyJhbGciOiJIUzI1NiIsInR5cCI6IkpXVCJ9.eyJVc2VySWQiOjcsIkVtYWlsIjoiMTExMTExMTFAbWFpbC5zdXN0ZWNoLmVkdS5jbiIsIlVzZXJOYW1lIjoiNyIsImV4cCI6MTc0ODQyODE2MH0.yipyMTWaZNqlBhiOAgC0mRSP90ASryNJfS89qbCcruA] Connection:[close] Cookie:[jenkins-timestamper-offset=-28800000; authjs.csrf-token=4d1fee3749023da59c67a79b1a1a993c038fba416e65e958fa36ed458b42a97b%7C7728290b375132ef1cb617c9e044a38eb3fc8e107a9d6706fae37f5db9615d57; screenResolution=1470x956; JSESSIONID.5b5bebd3=node0wgjd5ta0taw112cj830yhcq1g8.node0; authjs.callback-url=http%3A%2F%2Flocalhost%3A3000%2Fdashboard; __next_hmr_refresh_hash__=403; authjs.session-token=eyJhbGciOiJkaXIiLCJlbmMiOiJBMjU2Q0JDLUhTNTEyIiwia2lkIjoiS0czOHk0LWNWZlZwSzV6UlZ4eWZodDRtb1JQSVVfVXlyZ1FmUTlpM1lTSTcybmdoLU5zWGJybWZEci1TbEdUeHpmOXJSa3BFajlJVmNEUzM0WDVwN1EifQ..xICnLQkjiraBK4q-wFLbnw.uIVw9dUCsCTlXgupXoBX-q5TjLc9Xfv1o5mnsQzT-UUXL0Fi9KYIkzcOO8PY4R5GXDLRYNEwZPZ4wBski6wSvrIVrNqu-JJumVrALs6f7jLiI5VSjjA8xAjGd_FvjXkYzqOZYw0vjFNfxSReMabKrPEeUOpdLQRqOw4Kv0wYCR5YI3P71ddzQgm8FMWCocWcAIMajm6UDnAkVaOs5DaG5n8mCngPU-dZpX-SK2QyIz4PJWqeTORrLflAxWX7hfq9AOEdxI_neTLeiCRyFFe4M8JQClMQ5frpoCezd43o9ZRL_Td1G-iM-XqxBvHQf8GOXsnA312ocUTSJkjnQAyeyw1J2bMo8x2rzJ6l5kWLZdvpMhJalyWkDVgp_Z9Muk4IpToB6TKMr9BnzXbUZDtnTt1oKveGaAAjifxL0pGqGC45h6i9--n0-CxpvCv6xxBnXUenEojC2ADhxz8aI7Tbnm-iapOQBBlQh6110Yh4y53Rm99dEAzj8z1J2u2sz5Z4twVxGxpVjqYYGW_4sTgyN2Dr8g-4LRBgAlfc5LZivqpOrmZVDSHAvuHDwkgw3OcDbgNKzb3Ehz-xzCnbFC9B8P-fspHxd3ua9PeoqBqEoAvGxZT71yVuJ66A73XVniFlQhqFqoeZ7yVFRsDHPgfVRhpNH1XSiZl_vHMoKBSonL4.hZBCJrDf5Yi-pNS5Fo-3H37z9INlpVVHw_9KJMhPvKE] Referer:[http://localhost:3000/dashboard] Sec-Ch-Ua:["Chromium";v="136", "Google Chrome";v="136", "Not.A/Brand";v="99"] Sec-Ch-Ua-Mobile:[?0] Sec-Ch-Ua-Platform:["macOS"] Sec-Fetch-Dest:[empty] Sec-Fetch-Mode:[cors] Sec-Fetch-Site:[same-origin] User-Agent:[Mozilla/5.0 (Macintosh; Intel Mac OS X 10_15_7) AppleWebKit/537.36 (KHTML, like Gecko) Chrome/136.0.0.0 Safari/537.36] X-Forwarded-Host:[localhost:3000]]
2025-05-28T12:41:59.958+08:00 [DEBU] {19cbceac3197431823749059ef7586c4} 
2025-05-28T12:45:51.329+08:00 [INFO] {b3cd918b6797431825749059326bd743} Request: GET /api/course/searchCourseWithLectures/byStudentId
2025-05-28T12:45:51.329+08:00 [DEBU] {b3cd918b6797431825749059326bd743} Headers: map[Accept:[application/json, text/plain, */*] Accept-Encoding:[gzip, deflate, br, zstd] Accept-Language:[zh-CN,zh;q=0.9] Authorization:[Bearer eyJhbGciOiJIUzI1NiIsInR5cCI6IkpXVCJ9.eyJVc2VySWQiOjcsIkVtYWlsIjoiMTExMTExMTFAbWFpbC5zdXN0ZWNoLmVkdS5jbiIsIlVzZXJOYW1lIjoiNyIsImV4cCI6MTc0ODQyODE2MH0.yipyMTWaZNqlBhiOAgC0mRSP90ASryNJfS89qbCcruA] Connection:[close] Cookie:[jenkins-timestamper-offset=-28800000; authjs.csrf-token=4d1fee3749023da59c67a79b1a1a993c038fba416e65e958fa36ed458b42a97b%7C7728290b375132ef1cb617c9e044a38eb3fc8e107a9d6706fae37f5db9615d57; screenResolution=1470x956; JSESSIONID.5b5bebd3=node0wgjd5ta0taw112cj830yhcq1g8.node0; authjs.callback-url=http%3A%2F%2Flocalhost%3A3000%2Fdashboard; __next_hmr_refresh_hash__=403; authjs.session-token=eyJhbGciOiJkaXIiLCJlbmMiOiJBMjU2Q0JDLUhTNTEyIiwia2lkIjoiS0czOHk0LWNWZlZwSzV6UlZ4eWZodDRtb1JQSVVfVXlyZ1FmUTlpM1lTSTcybmdoLU5zWGJybWZEci1TbEdUeHpmOXJSa3BFajlJVmNEUzM0WDVwN1EifQ..ZmKxXzR3yfNQ4xqdJ04g3A.x4Q3MY5fJpQNQFGW-1-xdL3UffVrmsd247vdZ52fRxF72fgGGalxPpat5g1HxtY6Gr3RiZlE4bpayCf-3G4nenDqnn82RQM4mg8MJOAivURy72Ek5hK2UEmRrjADnrG0Wu5TgWJLZ23f8QBVzNAFHTL9pq9xxRJ1SUwUGZv2-j1j4bGYK3zUvJxPmPGAhE6PWMf92Ou3XfRH2cFjFHdfbrpo5adBdoPPsno7tXP9g5dE_OYUR3NO-aejPVbtfHatRfZY_brMrAGunXsC66VTE42vzWiLV3voYjk9hYvdXXk1EhggOtfv_qlcCAbVU3XQ-2O92Q5RjZg5joSKNIngSY2DlWUqZM0AJylP5jvosUYNtxGDkw3-KR9x90Pp2Y2bmcsUs2zk80u8QhDHgC7xKgdEKEq9qOYIZJg_OZZSxPLN-mPrKUg8i_vEv0cyO6UEQ91NHg4rjWM2KOYUcqVFYglvQZ41B_V1q9QSgFAIMM60THg4xqQ40-wXkVCUXXJQwMPxEsA37ziOMUKH-d85Y1YbGrLdueslkgsKfA3V-kSYxROzCfx5tpXhC_4V_-AfkQNrWIqcJkBC6xgz2Uclll91khW2mx3obenWoZWAST1xjzuCrZn0hFIrK5u17-JRc9pQTUtjZiS1JqLCSeuqeM6Gd6TPHhlWKl1hhcrLVFg.J7Gdf9lciLZl4PsbvcjuVXaedpJjI6UCbmKCU7OOXZ0] Referer:[http://localhost:3000/dashboard] Sec-Ch-Ua:["Chromium";v="136", "Google Chrome";v="136", "Not.A/Brand";v="99"] Sec-Ch-Ua-Mobile:[?0] Sec-Ch-Ua-Platform:["macOS"] Sec-Fetch-Dest:[empty] Sec-Fetch-Mode:[cors] Sec-Fetch-Site:[same-origin] User-Agent:[Mozilla/5.0 (Macintosh; Intel Mac OS X 10_15_7) AppleWebKit/537.36 (KHTML, like Gecko) Chrome/136.0.0.0 Safari/537.36] X-Forwarded-Host:[localhost:3000]]
2025-05-28T12:45:51.329+08:00 [DEBU] {b3cd918b6797431825749059326bd743} 
2025-05-28T12:45:52.496+08:00 [INFO] {16b42ad1679743182774905982729621} Request: GET /api/course/searchCourseWithLectures/byStudentId
2025-05-28T12:45:52.496+08:00 [DEBU] {16b42ad1679743182774905982729621} Headers: map[Accept:[application/json, text/plain, */*] Accept-Encoding:[gzip, deflate, br, zstd] Accept-Language:[zh-CN,zh;q=0.9] Authorization:[Bearer eyJhbGciOiJIUzI1NiIsInR5cCI6IkpXVCJ9.eyJVc2VySWQiOjcsIkVtYWlsIjoiMTExMTExMTFAbWFpbC5zdXN0ZWNoLmVkdS5jbiIsIlVzZXJOYW1lIjoiNyIsImV4cCI6MTc0ODQyODE2MH0.yipyMTWaZNqlBhiOAgC0mRSP90ASryNJfS89qbCcruA] Connection:[close] Cookie:[jenkins-timestamper-offset=-28800000; authjs.csrf-token=4d1fee3749023da59c67a79b1a1a993c038fba416e65e958fa36ed458b42a97b%7C7728290b375132ef1cb617c9e044a38eb3fc8e107a9d6706fae37f5db9615d57; screenResolution=1470x956; JSESSIONID.5b5bebd3=node0wgjd5ta0taw112cj830yhcq1g8.node0; authjs.callback-url=http%3A%2F%2Flocalhost%3A3000%2Fdashboard; __next_hmr_refresh_hash__=403; authjs.session-token=eyJhbGciOiJkaXIiLCJlbmMiOiJBMjU2Q0JDLUhTNTEyIiwia2lkIjoiS0czOHk0LWNWZlZwSzV6UlZ4eWZodDRtb1JQSVVfVXlyZ1FmUTlpM1lTSTcybmdoLU5zWGJybWZEci1TbEdUeHpmOXJSa3BFajlJVmNEUzM0WDVwN1EifQ..QpjoQQjVtiLz5S456BD07Q.P998X74CXxizg0lf5XCLm6iOjaZvlARkXRFxIz6edDgq8iDIJHJPNLHcamGom2aoVgvQvFPS_dEAQ11gGojvq8PFLwz398OaZjn8_YqsuhA3BB4LHW6VjkqrV624TbMFR8ubkyrVY-l6XRKuO3DBZeQ1ZbBhfe0tYUm_PkTxDJPgWOiT6Q5aK7u_CPVjcMrIiUWxfemOnciZGcamUzoFF-lVS4eq7qyGhoyg417ZULdfGeEHpFRFOPy3Y6l3zZpwy7jIdwKkIT83w6yjpRgxvfkDjzg59CKU0AQZhJmV3byTn15ARkPeR6Tep4IVQE4ahLIS4HIXPdp7-l-Z321LuKNhqS5pQgbLSslChPyUyNSEyROEGwDNUetrJ0Mf_PwT0M9l0TTi0_Q5HKfRKGkEVld9M7hrsMCaA7nJf4v7gtKQOeuytV5QuxanAfNMJSrFWE6eH8gtaodOIjUSLfxo4pKKJJSZd0S8mV8Pj5k5nO0iNVcSlB0F7njvYYBUZn6yPrYhC5wAP3RDQwGWumZkR-Bz75eBQ8oIkukcuq4S-Hl-tcUT1pJfmfA6DplaZzNIR8JY3ASTDrqe12WonTAz2lrIhdfxYDlR5oQgBs8_Xo0-ansjrk2v1-oHJNQ_OyIzGojJKYxueaQ1qs-LqnnlItkWb5azJLBOCvyEuV1ypRI.glvJqFY62tw1R6865Hja1s3tMWcdIyKmhagy-7IraFs] Referer:[http://localhost:3000/dashboard] Sec-Ch-Ua:["Chromium";v="136", "Google Chrome";v="136", "Not.A/Brand";v="99"] Sec-Ch-Ua-Mobile:[?0] Sec-Ch-Ua-Platform:["macOS"] Sec-Fetch-Dest:[empty] Sec-Fetch-Mode:[cors] Sec-Fetch-Site:[same-origin] User-Agent:[Mozilla/5.0 (Macintosh; Intel Mac OS X 10_15_7) AppleWebKit/537.36 (KHTML, like Gecko) Chrome/136.0.0.0 Safari/537.36] X-Forwarded-Host:[localhost:3000]]
2025-05-28T12:45:52.497+08:00 [DEBU] {16b42ad1679743182774905982729621} 
